{"I:\\Document-OCR-Database\\patient-info-app\\backend\\src\\app.js": {"path":"I:\\Document-OCR-Database\\patient-info-app\\backend\\src\\app.js","statementMap":{"0":{"start":{"line":1,"column":16},"end":{"line":1,"column":34}},"1":{"start":{"line":2,"column":13},"end":{"line":2,"column":28}},"2":{"start":{"line":3,"column":15},"end":{"line":3,"column":44}},"3":{"start":{"line":4,"column":17},"end":{"line":4,"column":48}},"4":{"start":{"line":5,"column":18},"end":{"line":5,"column":50}},"5":{"start":{"line":6,"column":16},"end":{"line":6,"column":46}},"6":{"start":{"line":7,"column":20},"end":{"line":7,"column":54}},"7":{"start":{"line":8,"column":21},"end":{"line":8,"column":56}},"8":{"start":{"line":9,"column":22},"end":{"line":9,"column":58}},"9":{"start":{"line":10,"column":21},"end":{"line":10,"column":57}},"10":{"start":{"line":11,"column":28},"end":{"line":11,"column":50}},"11":{"start":{"line":12,"column":15},"end":{"line":12,"column":32}},"12":{"start":{"line":13,"column":15},"end":{"line":13,"column":40}},"13":{"start":{"line":14,"column":15},"end":{"line":14,"column":32}},"14":{"start":{"line":15,"column":15},"end":{"line":15,"column":32}},"15":{"start":{"line":16,"column":20},"end":{"line":16,"column":42}},"16":{"start":{"line":17,"column":13},"end":{"line":17,"column":28}},"17":{"start":{"line":18,"column":11},"end":{"line":18,"column":33}},"18":{"start":{"line":21,"column":0},"end":{"line":28,"column":5}},"19":{"start":{"line":22,"column":2},"end":{"line":27,"column":3}},"20":{"start":{"line":23,"column":4},"end":{"line":23,"column":76}},"21":{"start":{"line":24,"column":4},"end":{"line":24,"column":54}},"22":{"start":{"line":26,"column":4},"end":{"line":26,"column":61}},"23":{"start":{"line":30,"column":12},"end":{"line":30,"column":21}},"24":{"start":{"line":33,"column":0},"end":{"line":33,"column":24}},"25":{"start":{"line":34,"column":0},"end":{"line":34,"column":48}},"26":{"start":{"line":35,"column":0},"end":{"line":35,"column":16}},"27":{"start":{"line":36,"column":0},"end":{"line":36,"column":18}},"28":{"start":{"line":37,"column":0},"end":{"line":37,"column":23}},"29":{"start":{"line":38,"column":0},"end":{"line":38,"column":91}},"30":{"start":{"line":38,"column":57},"end":{"line":38,"column":84}},"31":{"start":{"line":41,"column":16},"end":{"line":48,"column":2}},"32":{"start":{"line":43,"column":8},"end":{"line":43,"column":29}},"33":{"start":{"line":46,"column":8},"end":{"line":46,"column":55}},"34":{"start":{"line":50,"column":15},"end":{"line":50,"column":43}},"35":{"start":{"line":53,"column":19},"end":{"line":53,"column":28}},"36":{"start":{"line":56,"column":18},"end":{"line":56,"column":34}},"37":{"start":{"line":59,"column":0},"end":{"line":59,"column":37}},"38":{"start":{"line":60,"column":0},"end":{"line":60,"column":39}},"39":{"start":{"line":61,"column":0},"end":{"line":61,"column":35}},"40":{"start":{"line":62,"column":0},"end":{"line":62,"column":43}},"41":{"start":{"line":65,"column":0},"end":{"line":65,"column":46}},"42":{"start":{"line":66,"column":0},"end":{"line":66,"column":48}},"43":{"start":{"line":69,"column":0},"end":{"line":69,"column":31}},"44":{"start":{"line":72,"column":0},"end":{"line":76,"column":4}},"45":{"start":{"line":79,"column":0},"end":{"line":83,"column":3}},"46":{"start":{"line":80,"column":18},"end":{"line":80,"column":40}},"47":{"start":{"line":81,"column":4},"end":{"line":81,"column":27}},"48":{"start":{"line":82,"column":4},"end":{"line":82,"column":16}},"49":{"start":{"line":86,"column":0},"end":{"line":86,"column":22}},"50":{"start":{"line":88,"column":0},"end":{"line":88,"column":21}}},"fnMap":{"0":{"name":"(anonymous_0)","decl":{"start":{"line":21,"column":1},"end":{"line":21,"column":2}},"loc":{"start":{"line":21,"column":13},"end":{"line":28,"column":1}},"line":21},"1":{"name":"(anonymous_1)","decl":{"start":{"line":38,"column":46},"end":{"line":38,"column":47}},"loc":{"start":{"line":38,"column":57},"end":{"line":38,"column":84}},"line":38},"2":{"name":"(anonymous_2)","decl":{"start":{"line":42,"column":17},"end":{"line":42,"column":18}},"loc":{"start":{"line":42,"column":42},"end":{"line":44,"column":5}},"line":42},"3":{"name":"(anonymous_3)","decl":{"start":{"line":45,"column":14},"end":{"line":45,"column":15}},"loc":{"start":{"line":45,"column":39},"end":{"line":47,"column":5}},"line":45},"4":{"name":"(anonymous_4)","decl":{"start":{"line":79,"column":8},"end":{"line":79,"column":9}},"loc":{"start":{"line":79,"column":28},"end":{"line":83,"column":1}},"line":79}},"branchMap":{},"s":{"0":3,"1":3,"2":3,"3":3,"4":3,"5":3,"6":3,"7":3,"8":3,"9":3,"10":3,"11":3,"12":3,"13":3,"14":3,"15":3,"16":3,"17":3,"18":3,"19":3,"20":3,"21":3,"22":0,"23":3,"24":3,"25":3,"26":3,"27":3,"28":3,"29":3,"30":38,"31":3,"32":0,"33":0,"34":3,"35":3,"36":3,"37":3,"38":3,"39":3,"40":3,"41":3,"42":3,"43":3,"44":3,"45":3,"46":0,"47":0,"48":0,"49":3,"50":3},"f":{"0":3,"1":38,"2":0,"3":0,"4":0},"b":{},"_coverageSchema":"1a1c01bbd47fc00a2c39e90264f33305004495a9","hash":"f8436f07a392569a148f78ab425da54c719883aa"}
,"I:\\Document-OCR-Database\\patient-info-app\\backend\\src\\check-database.js": {"path":"I:\\Document-OCR-Database\\patient-info-app\\backend\\src\\check-database.js","statementMap":{"0":{"start":{"line":1,"column":11},"end":{"line":1,"column":45}},"1":{"start":{"line":2,"column":15},"end":{"line":2,"column":40}},"2":{"start":{"line":5,"column":2},"end":{"line":74,"column":3}},"3":{"start":{"line":6,"column":4},"end":{"line":6,"column":46}},"4":{"start":{"line":9,"column":4},"end":{"line":9,"column":38}},"5":{"start":{"line":10,"column":4},"end":{"line":10,"column":50}},"6":{"start":{"line":13,"column":19},"end":{"line":13,"column":34}},"7":{"start":{"line":14,"column":4},"end":{"line":14,"column":113}},"8":{"start":{"line":14,"column":58},"end":{"line":14,"column":110}},"9":{"start":{"line":17,"column":22},"end":{"line":17,"column":33}},"10":{"start":{"line":18,"column":4},"end":{"line":18,"column":51}},"11":{"start":{"line":20,"column":4},"end":{"line":24,"column":5}},"12":{"start":{"line":21,"column":6},"end":{"line":21,"column":98}},"13":{"start":{"line":22,"column":6},"end":{"line":22,"column":67}},"14":{"start":{"line":23,"column":6},"end":{"line":23,"column":91}},"15":{"start":{"line":27,"column":21},"end":{"line":35,"column":6}},"16":{"start":{"line":37,"column":4},"end":{"line":37,"column":61}},"17":{"start":{"line":37,"column":52},"end":{"line":37,"column":58}},"18":{"start":{"line":40,"column":4},"end":{"line":45,"column":5}},"19":{"start":{"line":40,"column":25},"end":{"line":40,"column":45}},"20":{"start":{"line":41,"column":23},"end":{"line":41,"column":78}},"21":{"start":{"line":42,"column":6},"end":{"line":42,"column":91}},"22":{"start":{"line":42,"column":61},"end":{"line":42,"column":88}},"23":{"start":{"line":44,"column":6},"end":{"line":44,"column":66}},"24":{"start":{"line":48,"column":4},"end":{"line":66,"column":5}},"25":{"start":{"line":49,"column":6},"end":{"line":65,"column":7}},"26":{"start":{"line":50,"column":31},"end":{"line":50,"column":46}},"27":{"start":{"line":51,"column":23},"end":{"line":60,"column":10}},"28":{"start":{"line":62,"column":8},"end":{"line":62,"column":68}},"29":{"start":{"line":64,"column":8},"end":{"line":64,"column":61}},"30":{"start":{"line":69,"column":4},"end":{"line":69,"column":50}},"31":{"start":{"line":72,"column":4},"end":{"line":72,"column":31}},"32":{"start":{"line":73,"column":4},"end":{"line":73,"column":20}},"33":{"start":{"line":78,"column":0},"end":{"line":78,"column":22}}},"fnMap":{"0":{"name":"checkDatabaseTables","decl":{"start":{"line":4,"column":15},"end":{"line":4,"column":34}},"loc":{"start":{"line":4,"column":37},"end":{"line":75,"column":1}},"line":4},"1":{"name":"(anonymous_1)","decl":{"start":{"line":14,"column":51},"end":{"line":14,"column":52}},"loc":{"start":{"line":14,"column":58},"end":{"line":14,"column":110}},"line":14},"2":{"name":"(anonymous_2)","decl":{"start":{"line":37,"column":47},"end":{"line":37,"column":48}},"loc":{"start":{"line":37,"column":52},"end":{"line":37,"column":58}},"line":37},"3":{"name":"(anonymous_3)","decl":{"start":{"line":40,"column":20},"end":{"line":40,"column":21}},"loc":{"start":{"line":40,"column":25},"end":{"line":40,"column":45}},"line":40},"4":{"name":"(anonymous_4)","decl":{"start":{"line":42,"column":54},"end":{"line":42,"column":55}},"loc":{"start":{"line":42,"column":61},"end":{"line":42,"column":88}},"line":42}},"branchMap":{"0":{"loc":{"start":{"line":14,"column":58},"end":{"line":14,"column":110}},"type":"binary-expr","locations":[{"start":{"line":14,"column":58},"end":{"line":14,"column":87}},{"start":{"line":14,"column":91},"end":{"line":14,"column":110}}],"line":14},"1":{"loc":{"start":{"line":20,"column":4},"end":{"line":24,"column":5}},"type":"if","locations":[{"start":{"line":20,"column":4},"end":{"line":24,"column":5}},{"start":{},"end":{}}],"line":20},"2":{"loc":{"start":{"line":23,"column":60},"end":{"line":23,"column":88}},"type":"binary-expr","locations":[{"start":{"line":23,"column":60},"end":{"line":23,"column":82}},{"start":{"line":23,"column":86},"end":{"line":23,"column":88}}],"line":23},"3":{"loc":{"start":{"line":40,"column":4},"end":{"line":45,"column":5}},"type":"if","locations":[{"start":{"line":40,"column":4},"end":{"line":45,"column":5}},{"start":{"line":43,"column":11},"end":{"line":45,"column":5}}],"line":40},"4":{"loc":{"start":{"line":48,"column":4},"end":{"line":66,"column":5}},"type":"if","locations":[{"start":{"line":48,"column":4},"end":{"line":66,"column":5}},{"start":{},"end":{}}],"line":48}},"s":{"0":0,"1":0,"2":0,"3":0,"4":0,"5":0,"6":0,"7":0,"8":0,"9":0,"10":0,"11":0,"12":0,"13":0,"14":0,"15":0,"16":0,"17":0,"18":0,"19":0,"20":0,"21":0,"22":0,"23":0,"24":0,"25":0,"26":0,"27":0,"28":0,"29":0,"30":0,"31":0,"32":0,"33":0},"f":{"0":0,"1":0,"2":0,"3":0,"4":0},"b":{"0":[0,0],"1":[0,0],"2":[0,0],"3":[0,0],"4":[0,0]}}
,"I:\\Document-OCR-Database\\patient-info-app\\backend\\src\\debug-server.js": {"path":"I:\\Document-OCR-Database\\patient-info-app\\backend\\src\\debug-server.js","statementMap":{"0":{"start":{"line":1,"column":12},"end":{"line":1,"column":31}},"1":{"start":{"line":2,"column":15},"end":{"line":2,"column":40}},"2":{"start":{"line":5,"column":13},"end":{"line":5,"column":17}},"3":{"start":{"line":6,"column":0},"end":{"line":8,"column":3}},"4":{"start":{"line":7,"column":4},"end":{"line":7,"column":56}},"5":{"start":{"line":11,"column":0},"end":{"line":37,"column":3}},"6":{"start":{"line":12,"column":4},"end":{"line":36,"column":5}},"7":{"start":{"line":13,"column":19},"end":{"line":13,"column":53}},"8":{"start":{"line":16,"column":27},"end":{"line":16,"column":42}},"9":{"start":{"line":17,"column":26},"end":{"line":17,"column":55}},"10":{"start":{"line":19,"column":28},"end":{"line":19,"column":37}},"11":{"start":{"line":20,"column":35},"end":{"line":20,"column":97}},"12":{"start":{"line":22,"column":8},"end":{"line":28,"column":11}},"13":{"start":{"line":30,"column":8},"end":{"line":30,"column":50}},"14":{"start":{"line":31,"column":8},"end":{"line":35,"column":11}},"15":{"start":{"line":40,"column":0},"end":{"line":76,"column":3}},"16":{"start":{"line":41,"column":4},"end":{"line":75,"column":5}},"17":{"start":{"line":42,"column":19},"end":{"line":42,"column":53}},"18":{"start":{"line":43,"column":26},"end":{"line":43,"column":38}},"19":{"start":{"line":46,"column":26},"end":{"line":54,"column":10}},"20":{"start":{"line":57,"column":28},"end":{"line":57,"column":32}},"21":{"start":{"line":58,"column":8},"end":{"line":61,"column":9}},"22":{"start":{"line":58,"column":30},"end":{"line":58,"column":50}},"23":{"start":{"line":59,"column":36},"end":{"line":59,"column":88}},"24":{"start":{"line":60,"column":12},"end":{"line":60,"column":42}},"25":{"start":{"line":63,"column":8},"end":{"line":67,"column":11}},"26":{"start":{"line":69,"column":8},"end":{"line":69,"column":60}},"27":{"start":{"line":70,"column":8},"end":{"line":74,"column":11}},"28":{"start":{"line":79,"column":0},"end":{"line":122,"column":3}},"29":{"start":{"line":80,"column":15},"end":{"line":80,"column":37}},"30":{"start":{"line":81,"column":17},"end":{"line":81,"column":32}},"31":{"start":{"line":84,"column":8},"end":{"line":114,"column":9}},"32":{"start":{"line":85,"column":30},"end":{"line":85,"column":65}},"33":{"start":{"line":86,"column":31},"end":{"line":86,"column":62}},"34":{"start":{"line":88,"column":31},"end":{"line":88,"column":36}},"35":{"start":{"line":89,"column":32},"end":{"line":89,"column":37}},"36":{"start":{"line":91,"column":12},"end":{"line":96,"column":13}},"37":{"start":{"line":92,"column":16},"end":{"line":92,"column":43}},"38":{"start":{"line":93,"column":16},"end":{"line":93,"column":36}},"39":{"start":{"line":98,"column":12},"end":{"line":103,"column":13}},"40":{"start":{"line":99,"column":16},"end":{"line":99,"column":44}},"41":{"start":{"line":100,"column":16},"end":{"line":100,"column":37}},"42":{"start":{"line":105,"column":12},"end":{"line":111,"column":14}},"43":{"start":{"line":113,"column":12},"end":{"line":113,"column":44}},"44":{"start":{"line":117,"column":4},"end":{"line":121,"column":7}},"45":{"start":{"line":118,"column":8},"end":{"line":118,"column":25}},"46":{"start":{"line":120,"column":8},"end":{"line":120,"column":53}},"47":{"start":{"line":125,"column":0},"end":{"line":155,"column":3}},"48":{"start":{"line":126,"column":4},"end":{"line":154,"column":5}},"49":{"start":{"line":127,"column":31},"end":{"line":127,"column":46}},"50":{"start":{"line":128,"column":19},"end":{"line":128,"column":53}},"51":{"start":{"line":129,"column":23},"end":{"line":129,"column":32}},"52":{"start":{"line":132,"column":27},"end":{"line":141,"column":10}},"53":{"start":{"line":143,"column":8},"end":{"line":146,"column":11}},"54":{"start":{"line":148,"column":8},"end":{"line":148,"column":58}},"55":{"start":{"line":149,"column":8},"end":{"line":153,"column":11}}},"fnMap":{"0":{"name":"(anonymous_0)","decl":{"start":{"line":6,"column":17},"end":{"line":6,"column":18}},"loc":{"start":{"line":6,"column":23},"end":{"line":8,"column":1}},"line":6},"1":{"name":"(anonymous_1)","decl":{"start":{"line":11,"column":31},"end":{"line":11,"column":32}},"loc":{"start":{"line":11,"column":45},"end":{"line":37,"column":1}},"line":11},"2":{"name":"(anonymous_2)","decl":{"start":{"line":40,"column":34},"end":{"line":40,"column":35}},"loc":{"start":{"line":40,"column":54},"end":{"line":76,"column":1}},"line":40},"3":{"name":"(anonymous_3)","decl":{"start":{"line":58,"column":25},"end":{"line":58,"column":26}},"loc":{"start":{"line":58,"column":30},"end":{"line":58,"column":50}},"line":58},"4":{"name":"(anonymous_4)","decl":{"start":{"line":79,"column":26},"end":{"line":79,"column":27}},"loc":{"start":{"line":79,"column":40},"end":{"line":122,"column":1}},"line":79},"5":{"name":"checkFolders","decl":{"start":{"line":83,"column":19},"end":{"line":83,"column":31}},"loc":{"start":{"line":83,"column":34},"end":{"line":115,"column":5}},"line":83},"6":{"name":"(anonymous_6)","decl":{"start":{"line":117,"column":24},"end":{"line":117,"column":25}},"loc":{"start":{"line":117,"column":34},"end":{"line":119,"column":5}},"line":117},"7":{"name":"(anonymous_7)","decl":{"start":{"line":119,"column":13},"end":{"line":119,"column":14}},"loc":{"start":{"line":119,"column":20},"end":{"line":121,"column":5}},"line":119},"8":{"name":"(anonymous_8)","decl":{"start":{"line":125,"column":33},"end":{"line":125,"column":34}},"loc":{"start":{"line":125,"column":53},"end":{"line":155,"column":1}},"line":125}},"branchMap":{"0":{"loc":{"start":{"line":20,"column":35},"end":{"line":20,"column":97}},"type":"cond-expr","locations":[{"start":{"line":20,"column":49},"end":{"line":20,"column":92}},{"start":{"line":20,"column":95},"end":{"line":20,"column":97}}],"line":20},"1":{"loc":{"start":{"line":20,"column":61},"end":{"line":20,"column":91}},"type":"binary-expr","locations":[{"start":{"line":20,"column":61},"end":{"line":20,"column":85}},{"start":{"line":20,"column":89},"end":{"line":20,"column":91}}],"line":20},"2":{"loc":{"start":{"line":58,"column":8},"end":{"line":61,"column":9}},"type":"if","locations":[{"start":{"line":58,"column":8},"end":{"line":61,"column":9}},{"start":{},"end":{}}],"line":58}},"s":{"0":0,"1":0,"2":0,"3":0,"4":0,"5":0,"6":0,"7":0,"8":0,"9":0,"10":0,"11":0,"12":0,"13":0,"14":0,"15":0,"16":0,"17":0,"18":0,"19":0,"20":0,"21":0,"22":0,"23":0,"24":0,"25":0,"26":0,"27":0,"28":0,"29":0,"30":0,"31":0,"32":0,"33":0,"34":0,"35":0,"36":0,"37":0,"38":0,"39":0,"40":0,"41":0,"42":0,"43":0,"44":0,"45":0,"46":0,"47":0,"48":0,"49":0,"50":0,"51":0,"52":0,"53":0,"54":0,"55":0},"f":{"0":0,"1":0,"2":0,"3":0,"4":0,"5":0,"6":0,"7":0,"8":0},"b":{"0":[0,0],"1":[0,0],"2":[0,0]}}
,"I:\\Document-OCR-Database\\patient-info-app\\backend\\src\\server.js": {"path":"I:\\Document-OCR-Database\\patient-info-app\\backend\\src\\server.js","statementMap":{"0":{"start":{"line":1,"column":13},"end":{"line":1,"column":28}},"1":{"start":{"line":2,"column":19},"end":{"line":2,"column":39}},"2":{"start":{"line":3,"column":12},"end":{"line":3,"column":28}},"3":{"start":{"line":4,"column":15},"end":{"line":4,"column":41}},"4":{"start":{"line":5,"column":15},"end":{"line":5,"column":40}},"5":{"start":{"line":6,"column":15},"end":{"line":6,"column":43}},"6":{"start":{"line":10,"column":20},"end":{"line":77,"column":1}},"7":{"start":{"line":11,"column":4},"end":{"line":76,"column":5}},"8":{"start":{"line":13,"column":8},"end":{"line":13,"column":59}},"9":{"start":{"line":14,"column":8},"end":{"line":14,"column":34}},"10":{"start":{"line":15,"column":8},"end":{"line":15,"column":57}},"11":{"start":{"line":19,"column":21},"end":{"line":19,"column":69}},"12":{"start":{"line":20,"column":27},"end":{"line":20,"column":49}},"13":{"start":{"line":22,"column":8},"end":{"line":27,"column":11}},"14":{"start":{"line":30,"column":8},"end":{"line":36,"column":11}},"15":{"start":{"line":31,"column":10},"end":{"line":31,"column":66}},"16":{"start":{"line":32,"column":10},"end":{"line":34,"column":13}},"17":{"start":{"line":33,"column":12},"end":{"line":33,"column":71}},"18":{"start":{"line":39,"column":8},"end":{"line":43,"column":11}},"19":{"start":{"line":40,"column":12},"end":{"line":40,"column":58}},"20":{"start":{"line":41,"column":12},"end":{"line":41,"column":70}},"21":{"start":{"line":42,"column":12},"end":{"line":42,"column":57}},"22":{"start":{"line":46,"column":25},"end":{"line":68,"column":9}},"23":{"start":{"line":47,"column":12},"end":{"line":47,"column":70}},"24":{"start":{"line":49,"column":12},"end":{"line":62,"column":15}},"25":{"start":{"line":50,"column":17},"end":{"line":54,"column":18}},"26":{"start":{"line":51,"column":20},"end":{"line":51,"column":73}},"27":{"start":{"line":53,"column":20},"end":{"line":53,"column":59}},"28":{"start":{"line":56,"column":17},"end":{"line":61,"column":20}},"29":{"start":{"line":57,"column":20},"end":{"line":57,"column":54}},"30":{"start":{"line":58,"column":20},"end":{"line":58,"column":43}},"31":{"start":{"line":59,"column":20},"end":{"line":59,"column":62}},"32":{"start":{"line":60,"column":20},"end":{"line":60,"column":36}},"33":{"start":{"line":64,"column":12},"end":{"line":67,"column":22}},"34":{"start":{"line":65,"column":16},"end":{"line":65,"column":94}},"35":{"start":{"line":66,"column":16},"end":{"line":66,"column":32}},"36":{"start":{"line":70,"column":8},"end":{"line":70,"column":57}},"37":{"start":{"line":70,"column":36},"end":{"line":70,"column":55}},"38":{"start":{"line":71,"column":8},"end":{"line":71,"column":55}},"39":{"start":{"line":71,"column":35},"end":{"line":71,"column":53}},"40":{"start":{"line":74,"column":8},"end":{"line":74,"column":55}},"41":{"start":{"line":75,"column":8},"end":{"line":75,"column":24}},"42":{"start":{"line":80,"column":22},"end":{"line":85,"column":1}},"43":{"start":{"line":81,"column":2},"end":{"line":83,"column":3}},"44":{"start":{"line":82,"column":4},"end":{"line":82,"column":50}},"45":{"start":{"line":84,"column":2},"end":{"line":84,"column":12}},"46":{"start":{"line":88,"column":0},"end":{"line":88,"column":14}},"47":{"start":{"line":91,"column":0},"end":{"line":91,"column":35}}},"fnMap":{"0":{"name":"(anonymous_0)","decl":{"start":{"line":10,"column":20},"end":{"line":10,"column":21}},"loc":{"start":{"line":10,"column":32},"end":{"line":77,"column":1}},"line":10},"1":{"name":"(anonymous_1)","decl":{"start":{"line":30,"column":28},"end":{"line":30,"column":29}},"loc":{"start":{"line":30,"column":40},"end":{"line":36,"column":9}},"line":30},"2":{"name":"(anonymous_2)","decl":{"start":{"line":32,"column":34},"end":{"line":32,"column":35}},"loc":{"start":{"line":32,"column":40},"end":{"line":34,"column":11}},"line":32},"3":{"name":"(anonymous_3)","decl":{"start":{"line":39,"column":32},"end":{"line":39,"column":33}},"loc":{"start":{"line":39,"column":38},"end":{"line":43,"column":9}},"line":39},"4":{"name":"(anonymous_4)","decl":{"start":{"line":46,"column":25},"end":{"line":46,"column":26}},"loc":{"start":{"line":46,"column":43},"end":{"line":68,"column":9}},"line":46},"5":{"name":"(anonymous_5)","decl":{"start":{"line":49,"column":21},"end":{"line":49,"column":22}},"loc":{"start":{"line":49,"column":36},"end":{"line":62,"column":13}},"line":49},"6":{"name":"(anonymous_6)","decl":{"start":{"line":56,"column":34},"end":{"line":56,"column":35}},"loc":{"start":{"line":56,"column":46},"end":{"line":61,"column":18}},"line":56},"7":{"name":"(anonymous_7)","decl":{"start":{"line":64,"column":23},"end":{"line":64,"column":24}},"loc":{"start":{"line":64,"column":29},"end":{"line":67,"column":13}},"line":64},"8":{"name":"(anonymous_8)","decl":{"start":{"line":70,"column":30},"end":{"line":70,"column":31}},"loc":{"start":{"line":70,"column":36},"end":{"line":70,"column":55}},"line":70},"9":{"name":"(anonymous_9)","decl":{"start":{"line":71,"column":29},"end":{"line":71,"column":30}},"loc":{"start":{"line":71,"column":35},"end":{"line":71,"column":53}},"line":71},"10":{"name":"(anonymous_10)","decl":{"start":{"line":80,"column":22},"end":{"line":80,"column":23}},"loc":{"start":{"line":80,"column":28},"end":{"line":85,"column":1}},"line":80}},"branchMap":{"0":{"loc":{"start":{"line":19,"column":21},"end":{"line":19,"column":69}},"type":"binary-expr","locations":[{"start":{"line":19,"column":21},"end":{"line":19,"column":37}},{"start":{"line":19,"column":41},"end":{"line":19,"column":61}},{"start":{"line":19,"column":65},"end":{"line":19,"column":69}}],"line":19},"1":{"loc":{"start":{"line":50,"column":17},"end":{"line":54,"column":18}},"type":"if","locations":[{"start":{"line":50,"column":17},"end":{"line":54,"column":18}},{"start":{"line":52,"column":24},"end":{"line":54,"column":18}}],"line":50},"2":{"loc":{"start":{"line":81,"column":2},"end":{"line":83,"column":3}},"type":"if","locations":[{"start":{"line":81,"column":2},"end":{"line":83,"column":3}},{"start":{},"end":{}}],"line":81}},"s":{"0":0,"1":0,"2":0,"3":0,"4":0,"5":0,"6":0,"7":0,"8":0,"9":0,"10":0,"11":0,"12":0,"13":0,"14":0,"15":0,"16":0,"17":0,"18":0,"19":0,"20":0,"21":0,"22":0,"23":0,"24":0,"25":0,"26":0,"27":0,"28":0,"29":0,"30":0,"31":0,"32":0,"33":0,"34":0,"35":0,"36":0,"37":0,"38":0,"39":0,"40":0,"41":0,"42":0,"43":0,"44":0,"45":0,"46":0,"47":0},"f":{"0":0,"1":0,"2":0,"3":0,"4":0,"5":0,"6":0,"7":0,"8":0,"9":0,"10":0},"b":{"0":[0,0,0],"1":[0,0],"2":[0,0]}}
,"I:\\Document-OCR-Database\\patient-info-app\\backend\\src\\sync-database.js": {"path":"I:\\Document-OCR-Database\\patient-info-app\\backend\\src\\sync-database.js","statementMap":{"0":{"start":{"line":1,"column":11},"end":{"line":1,"column":45}},"1":{"start":{"line":2,"column":15},"end":{"line":2,"column":40}},"2":{"start":{"line":5,"column":2},"end":{"line":56,"column":3}},"3":{"start":{"line":6,"column":4},"end":{"line":6,"column":45}},"4":{"start":{"line":9,"column":4},"end":{"line":9,"column":38}},"5":{"start":{"line":10,"column":4},"end":{"line":10,"column":50}},"6":{"start":{"line":13,"column":4},"end":{"line":13,"column":44}},"7":{"start":{"line":14,"column":4},"end":{"line":14,"column":43}},"8":{"start":{"line":15,"column":4},"end":{"line":15,"column":40}},"9":{"start":{"line":17,"column":4},"end":{"line":17,"column":41}},"10":{"start":{"line":18,"column":4},"end":{"line":18,"column":40}},"11":{"start":{"line":19,"column":4},"end":{"line":19,"column":37}},"12":{"start":{"line":21,"column":4},"end":{"line":21,"column":45}},"13":{"start":{"line":22,"column":4},"end":{"line":22,"column":44}},"14":{"start":{"line":23,"column":4},"end":{"line":23,"column":41}},"15":{"start":{"line":25,"column":4},"end":{"line":25,"column":43}},"16":{"start":{"line":26,"column":4},"end":{"line":26,"column":42}},"17":{"start":{"line":27,"column":4},"end":{"line":27,"column":39}},"18":{"start":{"line":29,"column":4},"end":{"line":29,"column":50}},"19":{"start":{"line":32,"column":4},"end":{"line":48,"column":5}},"20":{"start":{"line":33,"column":29},"end":{"line":33,"column":44}},"21":{"start":{"line":34,"column":21},"end":{"line":43,"column":8}},"22":{"start":{"line":45,"column":6},"end":{"line":45,"column":66}},"23":{"start":{"line":47,"column":6},"end":{"line":47,"column":59}},"24":{"start":{"line":51,"column":4},"end":{"line":51,"column":49}},"25":{"start":{"line":54,"column":4},"end":{"line":54,"column":31}},"26":{"start":{"line":55,"column":4},"end":{"line":55,"column":20}},"27":{"start":{"line":60,"column":0},"end":{"line":60,"column":15}}},"fnMap":{"0":{"name":"syncDatabase","decl":{"start":{"line":4,"column":15},"end":{"line":4,"column":27}},"loc":{"start":{"line":4,"column":30},"end":{"line":57,"column":1}},"line":4}},"branchMap":{},"s":{"0":0,"1":0,"2":0,"3":0,"4":0,"5":0,"6":0,"7":0,"8":0,"9":0,"10":0,"11":0,"12":0,"13":0,"14":0,"15":0,"16":0,"17":0,"18":0,"19":0,"20":0,"21":0,"22":0,"23":0,"24":0,"25":0,"26":0,"27":0},"f":{"0":0},"b":{}}
,"I:\\Document-OCR-Database\\patient-info-app\\backend\\src\\controllers\\CautionCardController.js": {"path":"I:\\Document-OCR-Database\\patient-info-app\\backend\\src\\controllers\\CautionCardController.js","statementMap":{"0":{"start":{"line":1,"column":54},"end":{"line":1,"column":83}},"1":{"start":{"line":2,"column":15},"end":{"line":2,"column":41}},"2":{"start":{"line":3,"column":29},"end":{"line":3,"column":68}},"3":{"start":{"line":4,"column":11},"end":{"line":4,"column":33}},"4":{"start":{"line":13,"column":4},"end":{"line":30,"column":5}},"5":{"start":{"line":15,"column":19},"end":{"line":18,"column":8}},"6":{"start":{"line":21,"column":6},"end":{"line":21,"column":53}},"7":{"start":{"line":23,"column":6},"end":{"line":26,"column":8}},"8":{"start":{"line":28,"column":6},"end":{"line":28,"column":60}},"9":{"start":{"line":29,"column":6},"end":{"line":29,"column":18}},"10":{"start":{"line":39,"column":17},"end":{"line":51,"column":6}},"11":{"start":{"line":53,"column":4},"end":{"line":57,"column":5}},"12":{"start":{"line":54,"column":20},"end":{"line":54,"column":55}},"13":{"start":{"line":55,"column":6},"end":{"line":55,"column":29}},"14":{"start":{"line":56,"column":6},"end":{"line":56,"column":18}},"15":{"start":{"line":59,"column":4},"end":{"line":59,"column":20}},"16":{"start":{"line":69,"column":17},"end":{"line":69,"column":47}},"17":{"start":{"line":70,"column":4},"end":{"line":74,"column":5}},"18":{"start":{"line":71,"column":20},"end":{"line":71,"column":55}},"19":{"start":{"line":72,"column":6},"end":{"line":72,"column":29}},"20":{"start":{"line":73,"column":6},"end":{"line":73,"column":18}},"21":{"start":{"line":76,"column":4},"end":{"line":128,"column":5}},"22":{"start":{"line":78,"column":21},"end":{"line":108,"column":8}},"23":{"start":{"line":80,"column":8},"end":{"line":80,"column":41}},"24":{"start":{"line":82,"column":8},"end":{"line":104,"column":9}},"25":{"start":{"line":84,"column":10},"end":{"line":89,"column":33}},"26":{"start":{"line":91,"column":10},"end":{"line":91,"column":35}},"27":{"start":{"line":92,"column":10},"end":{"line":92,"column":38}},"28":{"start":{"line":95,"column":26},"end":{"line":95,"column":65}},"29":{"start":{"line":96,"column":10},"end":{"line":100,"column":11}},"30":{"start":{"line":97,"column":26},"end":{"line":97,"column":56}},"31":{"start":{"line":98,"column":12},"end":{"line":98,"column":35}},"32":{"start":{"line":99,"column":12},"end":{"line":99,"column":24}},"33":{"start":{"line":102,"column":10},"end":{"line":102,"column":33}},"34":{"start":{"line":103,"column":10},"end":{"line":103,"column":49}},"35":{"start":{"line":106,"column":8},"end":{"line":106,"column":44}},"36":{"start":{"line":107,"column":8},"end":{"line":107,"column":20}},"37":{"start":{"line":111,"column":6},"end":{"line":115,"column":9}},"38":{"start":{"line":117,"column":6},"end":{"line":122,"column":7}},"39":{"start":{"line":118,"column":8},"end":{"line":121,"column":11}},"40":{"start":{"line":124,"column":6},"end":{"line":124,"column":30}},"41":{"start":{"line":126,"column":6},"end":{"line":126,"column":60}},"42":{"start":{"line":127,"column":6},"end":{"line":127,"column":18}},"43":{"start":{"line":137,"column":17},"end":{"line":137,"column":47}},"44":{"start":{"line":138,"column":4},"end":{"line":142,"column":5}},"45":{"start":{"line":139,"column":20},"end":{"line":139,"column":55}},"46":{"start":{"line":140,"column":6},"end":{"line":140,"column":29}},"47":{"start":{"line":141,"column":6},"end":{"line":141,"column":18}},"48":{"start":{"line":145,"column":24},"end":{"line":145,"column":61}},"49":{"start":{"line":146,"column":4},"end":{"line":146,"column":27}},"50":{"start":{"line":155,"column":18},"end":{"line":155,"column":20}},"51":{"start":{"line":156,"column":4},"end":{"line":158,"column":5}},"52":{"start":{"line":157,"column":6},"end":{"line":157,"column":28}},"53":{"start":{"line":161,"column":42},"end":{"line":171,"column":6}},"54":{"start":{"line":173,"column":4},"end":{"line":180,"column":6}},"55":{"start":{"line":188,"column":4},"end":{"line":215,"column":5}},"56":{"start":{"line":191,"column":6},"end":{"line":212,"column":15}},"57":{"start":{"line":192,"column":8},"end":{"line":211,"column":9}},"58":{"start":{"line":193,"column":23},"end":{"line":193,"column":57}},"59":{"start":{"line":194,"column":10},"end":{"line":194,"column":28}},"60":{"start":{"line":194,"column":21},"end":{"line":194,"column":28}},"61":{"start":{"line":197,"column":10},"end":{"line":200,"column":12}},"62":{"start":{"line":201,"column":10},"end":{"line":201,"column":41}},"63":{"start":{"line":202,"column":10},"end":{"line":202,"column":28}},"64":{"start":{"line":205,"column":10},"end":{"line":208,"column":13}},"65":{"start":{"line":210,"column":10},"end":{"line":210,"column":58}},"66":{"start":{"line":214,"column":6},"end":{"line":214,"column":62}},"67":{"start":{"line":224,"column":4},"end":{"line":224,"column":14}},"68":{"start":{"line":228,"column":0},"end":{"line":228,"column":45}}},"fnMap":{"0":{"name":"(anonymous_0)","decl":{"start":{"line":12,"column":2},"end":{"line":12,"column":3}},"loc":{"start":{"line":12,"column":26},"end":{"line":31,"column":3}},"line":12},"1":{"name":"(anonymous_1)","decl":{"start":{"line":38,"column":2},"end":{"line":38,"column":3}},"loc":{"start":{"line":38,"column":20},"end":{"line":60,"column":3}},"line":38},"2":{"name":"(anonymous_2)","decl":{"start":{"line":68,"column":2},"end":{"line":68,"column":3}},"loc":{"start":{"line":68,"column":72},"end":{"line":129,"column":3}},"line":68},"3":{"name":"(anonymous_3)","decl":{"start":{"line":78,"column":61},"end":{"line":78,"column":62}},"loc":{"start":{"line":78,"column":74},"end":{"line":108,"column":7}},"line":78},"4":{"name":"(anonymous_4)","decl":{"start":{"line":136,"column":2},"end":{"line":136,"column":3}},"loc":{"start":{"line":136,"column":27},"end":{"line":147,"column":3}},"line":136},"5":{"name":"(anonymous_5)","decl":{"start":{"line":154,"column":2},"end":{"line":154,"column":3}},"loc":{"start":{"line":154,"column":62},"end":{"line":181,"column":3}},"line":154},"6":{"name":"(anonymous_6)","decl":{"start":{"line":191,"column":17},"end":{"line":191,"column":18}},"loc":{"start":{"line":191,"column":29},"end":{"line":212,"column":7}},"line":191}},"branchMap":{"0":{"loc":{"start":{"line":53,"column":4},"end":{"line":57,"column":5}},"type":"if","locations":[{"start":{"line":53,"column":4},"end":{"line":57,"column":5}},{"start":{},"end":{}}],"line":53},"1":{"loc":{"start":{"line":70,"column":4},"end":{"line":74,"column":5}},"type":"if","locations":[{"start":{"line":70,"column":4},"end":{"line":74,"column":5}},{"start":{},"end":{}}],"line":70},"2":{"loc":{"start":{"line":82,"column":8},"end":{"line":104,"column":9}},"type":"if","locations":[{"start":{"line":82,"column":8},"end":{"line":104,"column":9}},{"start":{"line":93,"column":15},"end":{"line":104,"column":9}}],"line":82},"3":{"loc":{"start":{"line":96,"column":10},"end":{"line":100,"column":11}},"type":"if","locations":[{"start":{"line":96,"column":10},"end":{"line":100,"column":11}},{"start":{},"end":{}}],"line":96},"4":{"loc":{"start":{"line":117,"column":6},"end":{"line":122,"column":7}},"type":"if","locations":[{"start":{"line":117,"column":6},"end":{"line":122,"column":7}},{"start":{},"end":{}}],"line":117},"5":{"loc":{"start":{"line":138,"column":4},"end":{"line":142,"column":5}},"type":"if","locations":[{"start":{"line":138,"column":4},"end":{"line":142,"column":5}},{"start":{},"end":{}}],"line":138},"6":{"loc":{"start":{"line":154,"column":36},"end":{"line":154,"column":46}},"type":"default-arg","locations":[{"start":{"line":154,"column":44},"end":{"line":154,"column":46}}],"line":154},"7":{"loc":{"start":{"line":154,"column":48},"end":{"line":154,"column":58}},"type":"default-arg","locations":[{"start":{"line":154,"column":57},"end":{"line":154,"column":58}}],"line":154},"8":{"loc":{"start":{"line":156,"column":4},"end":{"line":158,"column":5}},"type":"if","locations":[{"start":{"line":156,"column":4},"end":{"line":158,"column":5}},{"start":{},"end":{}}],"line":156},"9":{"loc":{"start":{"line":194,"column":10},"end":{"line":194,"column":28}},"type":"if","locations":[{"start":{"line":194,"column":10},"end":{"line":194,"column":28}},{"start":{},"end":{}}],"line":194}},"s":{"0":3,"1":3,"2":3,"3":3,"4":0,"5":0,"6":0,"7":0,"8":0,"9":0,"10":0,"11":0,"12":0,"13":0,"14":0,"15":0,"16":0,"17":0,"18":0,"19":0,"20":0,"21":0,"22":0,"23":0,"24":0,"25":0,"26":0,"27":0,"28":0,"29":0,"30":0,"31":0,"32":0,"33":0,"34":0,"35":0,"36":0,"37":0,"38":0,"39":0,"40":0,"41":0,"42":0,"43":0,"44":0,"45":0,"46":0,"47":0,"48":0,"49":0,"50":0,"51":0,"52":0,"53":0,"54":0,"55":0,"56":0,"57":0,"58":0,"59":0,"60":0,"61":0,"62":0,"63":0,"64":0,"65":0,"66":0,"67":0,"68":3},"f":{"0":0,"1":0,"2":0,"3":0,"4":0,"5":0,"6":0},"b":{"0":[0,0],"1":[0,0],"2":[0,0],"3":[0,0],"4":[0,0],"5":[0,0],"6":[0],"7":[0],"8":[0,0],"9":[0,0]},"_coverageSchema":"1a1c01bbd47fc00a2c39e90264f33305004495a9","hash":"db1a6d69989f13cfa349b4077427ad339c9b012d"}
,"I:\\Document-OCR-Database\\patient-info-app\\backend\\src\\controllers\\OrphanedCardController.js": {"path":"I:\\Document-OCR-Database\\patient-info-app\\backend\\src\\controllers\\OrphanedCardController.js","statementMap":{"0":{"start":{"line":1,"column":15},"end":{"line":1,"column":35}},"1":{"start":{"line":2,"column":54},"end":{"line":2,"column":83}},"2":{"start":{"line":3,"column":15},"end":{"line":3,"column":41}},"3":{"start":{"line":4,"column":29},"end":{"line":4,"column":68}},"4":{"start":{"line":13,"column":4},"end":{"line":49,"column":5}},"5":{"start":{"line":14,"column":20},"end":{"line":14,"column":22}},"6":{"start":{"line":15,"column":6},"end":{"line":22,"column":7}},"7":{"start":{"line":16,"column":32},"end":{"line":16,"column":70}},"8":{"start":{"line":17,"column":8},"end":{"line":21,"column":10}},"9":{"start":{"line":24,"column":44},"end":{"line":32,"column":8}},"10":{"start":{"line":34,"column":6},"end":{"line":34,"column":77}},"11":{"start":{"line":36,"column":6},"end":{"line":45,"column":8}},"12":{"start":{"line":47,"column":6},"end":{"line":47,"column":59}},"13":{"start":{"line":48,"column":6},"end":{"line":48,"column":18}},"14":{"start":{"line":59,"column":17},"end":{"line":59,"column":55}},"15":{"start":{"line":60,"column":4},"end":{"line":64,"column":5}},"16":{"start":{"line":61,"column":20},"end":{"line":61,"column":56}},"17":{"start":{"line":62,"column":6},"end":{"line":62,"column":29}},"18":{"start":{"line":63,"column":6},"end":{"line":63,"column":18}},"19":{"start":{"line":66,"column":4},"end":{"line":66,"column":34}},"20":{"start":{"line":77,"column":19},"end":{"line":112,"column":6}},"21":{"start":{"line":79,"column":27},"end":{"line":79,"column":85}},"22":{"start":{"line":80,"column":6},"end":{"line":84,"column":7}},"23":{"start":{"line":81,"column":22},"end":{"line":81,"column":58}},"24":{"start":{"line":82,"column":8},"end":{"line":82,"column":31}},"25":{"start":{"line":83,"column":8},"end":{"line":83,"column":20}},"26":{"start":{"line":87,"column":22},"end":{"line":87,"column":81}},"27":{"start":{"line":88,"column":6},"end":{"line":92,"column":7}},"28":{"start":{"line":89,"column":22},"end":{"line":89,"column":52}},"29":{"start":{"line":90,"column":8},"end":{"line":90,"column":31}},"30":{"start":{"line":91,"column":8},"end":{"line":91,"column":20}},"31":{"start":{"line":95,"column":26},"end":{"line":95,"column":101}},"32":{"start":{"line":96,"column":6},"end":{"line":100,"column":7}},"33":{"start":{"line":97,"column":22},"end":{"line":97,"column":66}},"34":{"start":{"line":98,"column":8},"end":{"line":98,"column":31}},"35":{"start":{"line":99,"column":8},"end":{"line":99,"column":20}},"36":{"start":{"line":103,"column":6},"end":{"line":103,"column":36}},"37":{"start":{"line":104,"column":6},"end":{"line":104,"column":52}},"38":{"start":{"line":105,"column":6},"end":{"line":105,"column":59}},"39":{"start":{"line":106,"column":6},"end":{"line":106,"column":49}},"40":{"start":{"line":109,"column":6},"end":{"line":109,"column":53}},"41":{"start":{"line":111,"column":6},"end":{"line":111,"column":25}},"42":{"start":{"line":115,"column":26},"end":{"line":117,"column":6}},"43":{"start":{"line":120,"column":4},"end":{"line":126,"column":7}},"44":{"start":{"line":128,"column":4},"end":{"line":135,"column":7}},"45":{"start":{"line":137,"column":4},"end":{"line":137,"column":89}},"46":{"start":{"line":139,"column":4},"end":{"line":142,"column":6}},"47":{"start":{"line":151,"column":17},"end":{"line":151,"column":55}},"48":{"start":{"line":152,"column":4},"end":{"line":156,"column":5}},"49":{"start":{"line":153,"column":20},"end":{"line":153,"column":56}},"50":{"start":{"line":154,"column":6},"end":{"line":154,"column":29}},"51":{"start":{"line":155,"column":6},"end":{"line":155,"column":18}},"52":{"start":{"line":158,"column":4},"end":{"line":158,"column":25}},"53":{"start":{"line":161,"column":4},"end":{"line":164,"column":7}},"54":{"start":{"line":166,"column":4},"end":{"line":168,"column":6}},"55":{"start":{"line":172,"column":0},"end":{"line":172,"column":46}}},"fnMap":{"0":{"name":"(anonymous_0)","decl":{"start":{"line":12,"column":2},"end":{"line":12,"column":3}},"loc":{"start":{"line":12,"column":54},"end":{"line":51,"column":3}},"line":12},"1":{"name":"(anonymous_1)","decl":{"start":{"line":58,"column":2},"end":{"line":58,"column":3}},"loc":{"start":{"line":58,"column":20},"end":{"line":67,"column":3}},"line":58},"2":{"name":"(anonymous_2)","decl":{"start":{"line":75,"column":2},"end":{"line":75,"column":3}},"loc":{"start":{"line":75,"column":43},"end":{"line":143,"column":3}},"line":75},"3":{"name":"(anonymous_3)","decl":{"start":{"line":77,"column":67},"end":{"line":77,"column":68}},"loc":{"start":{"line":77,"column":80},"end":{"line":112,"column":5}},"line":77},"4":{"name":"(anonymous_4)","decl":{"start":{"line":150,"column":2},"end":{"line":150,"column":3}},"loc":{"start":{"line":150,"column":23},"end":{"line":169,"column":3}},"line":150}},"branchMap":{"0":{"loc":{"start":{"line":12,"column":28},"end":{"line":12,"column":38}},"type":"default-arg","locations":[{"start":{"line":12,"column":36},"end":{"line":12,"column":38}}],"line":12},"1":{"loc":{"start":{"line":12,"column":40},"end":{"line":12,"column":50}},"type":"default-arg","locations":[{"start":{"line":12,"column":49},"end":{"line":12,"column":50}}],"line":12},"2":{"loc":{"start":{"line":15,"column":6},"end":{"line":22,"column":7}},"type":"if","locations":[{"start":{"line":15,"column":6},"end":{"line":22,"column":7}},{"start":{},"end":{}}],"line":15},"3":{"loc":{"start":{"line":60,"column":4},"end":{"line":64,"column":5}},"type":"if","locations":[{"start":{"line":60,"column":4},"end":{"line":64,"column":5}},{"start":{},"end":{}}],"line":60},"4":{"loc":{"start":{"line":80,"column":6},"end":{"line":84,"column":7}},"type":"if","locations":[{"start":{"line":80,"column":6},"end":{"line":84,"column":7}},{"start":{},"end":{}}],"line":80},"5":{"loc":{"start":{"line":88,"column":6},"end":{"line":92,"column":7}},"type":"if","locations":[{"start":{"line":88,"column":6},"end":{"line":92,"column":7}},{"start":{},"end":{}}],"line":88},"6":{"loc":{"start":{"line":96,"column":6},"end":{"line":100,"column":7}},"type":"if","locations":[{"start":{"line":96,"column":6},"end":{"line":100,"column":7}},{"start":{},"end":{}}],"line":96},"7":{"loc":{"start":{"line":152,"column":4},"end":{"line":156,"column":5}},"type":"if","locations":[{"start":{"line":152,"column":4},"end":{"line":156,"column":5}},{"start":{},"end":{}}],"line":152}},"s":{"0":4,"1":4,"2":4,"3":4,"4":6,"5":6,"6":6,"7":2,"8":2,"9":6,"10":5,"11":5,"12":1,"13":1,"14":3,"15":2,"16":1,"17":1,"18":1,"19":1,"20":6,"21":0,"22":0,"23":0,"24":0,"25":0,"26":0,"27":0,"28":0,"29":0,"30":0,"31":0,"32":0,"33":0,"34":0,"35":0,"36":0,"37":0,"38":0,"39":0,"40":0,"41":0,"42":6,"43":6,"44":0,"45":0,"46":0,"47":3,"48":3,"49":1,"50":1,"51":1,"52":2,"53":1,"54":0,"55":4},"f":{"0":6,"1":3,"2":6,"3":0,"4":3},"b":{"0":[5],"1":[5],"2":[2,4],"3":[1,1],"4":[0,0],"5":[0,0],"6":[0,0],"7":[1,2]},"_coverageSchema":"1a1c01bbd47fc00a2c39e90264f33305004495a9","hash":"3e3be1aff498c633da582dbf8b58395a548f6a14"}
,"I:\\Document-OCR-Database\\patient-info-app\\backend\\src\\database\\config.js": {"path":"I:\\Document-OCR-Database\\patient-info-app\\backend\\src\\database\\config.js","statementMap":{"0":{"start":{"line":1,"column":13},"end":{"line":1,"column":28}},"1":{"start":{"line":2,"column":0},"end":{"line":2,"column":27}},"2":{"start":{"line":4,"column":15},"end":{"line":35,"column":1}},"3":{"start":{"line":37,"column":0},"end":{"line":37,"column":24}}},"fnMap":{},"branchMap":{"0":{"loc":{"start":{"line":7,"column":46},"end":{"line":7,"column":86}},"type":"binary-expr","locations":[{"start":{"line":7,"column":46},"end":{"line":7,"column":65}},{"start":{"line":7,"column":69},"end":{"line":7,"column":86}}],"line":7},"1":{"loc":{"start":{"line":8,"column":13},"end":{"line":8,"column":68}},"type":"cond-expr","locations":[{"start":{"line":8,"column":49},"end":{"line":8,"column":60}},{"start":{"line":8,"column":63},"end":{"line":8,"column":68}}],"line":8},"2":{"loc":{"start":{"line":27,"column":46},"end":{"line":27,"column":86}},"type":"binary-expr","locations":[{"start":{"line":27,"column":46},"end":{"line":27,"column":65}},{"start":{"line":27,"column":69},"end":{"line":27,"column":86}}],"line":27}},"s":{"0":7,"1":7,"2":7,"3":7},"f":{},"b":{"0":[7,7],"1":[0,7],"2":[7,7]},"_coverageSchema":"1a1c01bbd47fc00a2c39e90264f33305004495a9","hash":"f2a78015415aa724c2ad988528f871a2bf379c32"}
,"I:\\Document-OCR-Database\\patient-info-app\\backend\\src\\database\\connection.js": {"path":"I:\\Document-OCR-Database\\patient-info-app\\backend\\src\\database\\connection.js","statementMap":{"0":{"start":{"line":1,"column":22},"end":{"line":1,"column":42}},"1":{"start":{"line":2,"column":13},"end":{"line":2,"column":28}},"2":{"start":{"line":3,"column":15},"end":{"line":3,"column":42}},"3":{"start":{"line":4,"column":15},"end":{"line":4,"column":41}},"4":{"start":{"line":7,"column":15},"end":{"line":7,"column":99}},"5":{"start":{"line":10,"column":18},"end":{"line":19,"column":2}},"6":{"start":{"line":13,"column":20},"end":{"line":13,"column":37}},"7":{"start":{"line":23,"column":2},"end":{"line":29,"column":3}},"8":{"start":{"line":24,"column":4},"end":{"line":24,"column":35}},"9":{"start":{"line":25,"column":4},"end":{"line":25,"column":65}},"10":{"start":{"line":27,"column":4},"end":{"line":27,"column":62}},"11":{"start":{"line":28,"column":4},"end":{"line":28,"column":16}},"12":{"start":{"line":34,"column":2},"end":{"line":41,"column":3}},"13":{"start":{"line":36,"column":4},"end":{"line":36,"column":27}},"14":{"start":{"line":37,"column":4},"end":{"line":37,"column":55}},"15":{"start":{"line":39,"column":4},"end":{"line":39,"column":57}},"16":{"start":{"line":40,"column":4},"end":{"line":40,"column":16}},"17":{"start":{"line":45,"column":0},"end":{"line":45,"column":27}},"18":{"start":{"line":46,"column":0},"end":{"line":46,"column":47}},"19":{"start":{"line":47,"column":0},"end":{"line":47,"column":55}}},"fnMap":{"0":{"name":"(anonymous_0)","decl":{"start":{"line":13,"column":11},"end":{"line":13,"column":12}},"loc":{"start":{"line":13,"column":20},"end":{"line":13,"column":37}},"line":13},"1":{"name":"testConnection","decl":{"start":{"line":22,"column":15},"end":{"line":22,"column":29}},"loc":{"start":{"line":22,"column":32},"end":{"line":30,"column":1}},"line":22},"2":{"name":"initializeDatabase","decl":{"start":{"line":33,"column":15},"end":{"line":33,"column":33}},"loc":{"start":{"line":33,"column":36},"end":{"line":42,"column":1}},"line":33}},"branchMap":{"0":{"loc":{"start":{"line":7,"column":15},"end":{"line":7,"column":99}},"type":"binary-expr","locations":[{"start":{"line":7,"column":15},"end":{"line":7,"column":36}},{"start":{"line":7,"column":40},"end":{"line":7,"column":99}}],"line":7}},"s":{"0":0,"1":0,"2":0,"3":0,"4":0,"5":0,"6":0,"7":0,"8":0,"9":0,"10":0,"11":0,"12":0,"13":0,"14":0,"15":0,"16":0,"17":0,"18":0,"19":0},"f":{"0":0,"1":0,"2":0},"b":{"0":[0,0]}}
,"I:\\Document-OCR-Database\\patient-info-app\\backend\\src\\database\\fix-db.js": {"path":"I:\\Document-OCR-Database\\patient-info-app\\backend\\src\\database\\fix-db.js","statementMap":{"0":{"start":{"line":1,"column":16},"end":{"line":1,"column":44}},"1":{"start":{"line":2,"column":13},"end":{"line":2,"column":28}},"2":{"start":{"line":3,"column":11},"end":{"line":3,"column":24}},"3":{"start":{"line":4,"column":15},"end":{"line":4,"column":32}},"4":{"start":{"line":5,"column":15},"end":{"line":5,"column":42}},"5":{"start":{"line":8,"column":15},"end":{"line":8,"column":82}},"6":{"start":{"line":9,"column":0},"end":{"line":9,"column":45}},"7":{"start":{"line":12,"column":14},"end":{"line":12,"column":34}},"8":{"start":{"line":13,"column":0},"end":{"line":15,"column":1}},"9":{"start":{"line":14,"column":2},"end":{"line":14,"column":43}},"10":{"start":{"line":18,"column":11},"end":{"line":18,"column":39}},"11":{"start":{"line":21,"column":0},"end":{"line":27,"column":3}},"12":{"start":{"line":22,"column":2},"end":{"line":26,"column":3}},"13":{"start":{"line":23,"column":4},"end":{"line":23,"column":57}},"14":{"start":{"line":25,"column":4},"end":{"line":25,"column":40}},"15":{"start":{"line":30,"column":0},"end":{"line":181,"column":3}},"16":{"start":{"line":31,"column":2},"end":{"line":77,"column":5}},"17":{"start":{"line":46,"column":4},"end":{"line":76,"column":5}},"18":{"start":{"line":47,"column":6},"end":{"line":47,"column":55}},"19":{"start":{"line":49,"column":6},"end":{"line":49,"column":53}},"20":{"start":{"line":52,"column":19},"end":{"line":52,"column":57}},"21":{"start":{"line":53,"column":23},"end":{"line":53,"column":33}},"22":{"start":{"line":54,"column":19},"end":{"line":54,"column":88}},"23":{"start":{"line":57,"column":6},"end":{"line":75,"column":9}},"24":{"start":{"line":58,"column":8},"end":{"line":74,"column":9}},"25":{"start":{"line":59,"column":10},"end":{"line":59,"column":66}},"26":{"start":{"line":60,"column":15},"end":{"line":74,"column":9}},"27":{"start":{"line":62,"column":10},"end":{"line":71,"column":13}},"28":{"start":{"line":66,"column":12},"end":{"line":70,"column":13}},"29":{"start":{"line":67,"column":14},"end":{"line":67,"column":65}},"30":{"start":{"line":69,"column":14},"end":{"line":69,"column":72}},"31":{"start":{"line":73,"column":10},"end":{"line":73,"column":70}},"32":{"start":{"line":80,"column":2},"end":{"line":180,"column":5}},"33":{"start":{"line":102,"column":4},"end":{"line":179,"column":5}},"34":{"start":{"line":103,"column":6},"end":{"line":103,"column":58}},"35":{"start":{"line":105,"column":6},"end":{"line":105,"column":56}},"36":{"start":{"line":108,"column":6},"end":{"line":178,"column":9}},"37":{"start":{"line":109,"column":8},"end":{"line":177,"column":9}},"38":{"start":{"line":110,"column":10},"end":{"line":110,"column":59}},"39":{"start":{"line":113,"column":10},"end":{"line":176,"column":13}},"40":{"start":{"line":114,"column":12},"end":{"line":175,"column":13}},"41":{"start":{"line":115,"column":14},"end":{"line":115,"column":66}},"42":{"start":{"line":116,"column":19},"end":{"line":175,"column":13}},"43":{"start":{"line":117,"column":37},"end":{"line":140,"column":15}},"44":{"start":{"line":142,"column":27},"end":{"line":149,"column":16}},"45":{"start":{"line":151,"column":14},"end":{"line":170,"column":17}},"46":{"start":{"line":152,"column":16},"end":{"line":169,"column":18}},"47":{"start":{"line":163,"column":20},"end":{"line":167,"column":21}},"48":{"start":{"line":164,"column":22},"end":{"line":164,"column":76}},"49":{"start":{"line":166,"column":22},"end":{"line":166,"column":82}},"50":{"start":{"line":172,"column":14},"end":{"line":172,"column":30}},"51":{"start":{"line":174,"column":14},"end":{"line":174,"column":92}},"52":{"start":{"line":184,"column":0},"end":{"line":192,"column":9}},"53":{"start":{"line":185,"column":2},"end":{"line":191,"column":5}},"54":{"start":{"line":186,"column":4},"end":{"line":190,"column":5}},"55":{"start":{"line":187,"column":6},"end":{"line":187,"column":52}},"56":{"start":{"line":189,"column":6},"end":{"line":189,"column":54}}},"fnMap":{"0":{"name":"(anonymous_0)","decl":{"start":{"line":21,"column":36},"end":{"line":21,"column":37}},"loc":{"start":{"line":21,"column":45},"end":{"line":27,"column":1}},"line":21},"1":{"name":"(anonymous_1)","decl":{"start":{"line":30,"column":13},"end":{"line":30,"column":14}},"loc":{"start":{"line":30,"column":19},"end":{"line":181,"column":1}},"line":30},"2":{"name":"(anonymous_2)","decl":{"start":{"line":45,"column":5},"end":{"line":45,"column":6}},"loc":{"start":{"line":45,"column":19},"end":{"line":77,"column":3}},"line":45},"3":{"name":"(anonymous_3)","decl":{"start":{"line":57,"column":66},"end":{"line":57,"column":67}},"loc":{"start":{"line":57,"column":85},"end":{"line":75,"column":7}},"line":57},"4":{"name":"(anonymous_4)","decl":{"start":{"line":65,"column":66},"end":{"line":65,"column":67}},"loc":{"start":{"line":65,"column":80},"end":{"line":71,"column":11}},"line":65},"5":{"name":"(anonymous_5)","decl":{"start":{"line":101,"column":5},"end":{"line":101,"column":6}},"loc":{"start":{"line":101,"column":19},"end":{"line":180,"column":3}},"line":101},"6":{"name":"(anonymous_6)","decl":{"start":{"line":108,"column":66},"end":{"line":108,"column":67}},"loc":{"start":{"line":108,"column":86},"end":{"line":178,"column":7}},"line":108},"7":{"name":"(anonymous_7)","decl":{"start":{"line":113,"column":58},"end":{"line":113,"column":59}},"loc":{"start":{"line":113,"column":80},"end":{"line":176,"column":11}},"line":113},"8":{"name":"(anonymous_8)","decl":{"start":{"line":151,"column":37},"end":{"line":151,"column":38}},"loc":{"start":{"line":151,"column":48},"end":{"line":170,"column":15}},"line":151},"9":{"name":"(anonymous_9)","decl":{"start":{"line":162,"column":18},"end":{"line":162,"column":19}},"loc":{"start":{"line":162,"column":32},"end":{"line":168,"column":19}},"line":162},"10":{"name":"(anonymous_10)","decl":{"start":{"line":184,"column":11},"end":{"line":184,"column":12}},"loc":{"start":{"line":184,"column":17},"end":{"line":192,"column":1}},"line":184},"11":{"name":"(anonymous_11)","decl":{"start":{"line":185,"column":11},"end":{"line":185,"column":12}},"loc":{"start":{"line":185,"column":18},"end":{"line":191,"column":3}},"line":185}},"branchMap":{"0":{"loc":{"start":{"line":8,"column":15},"end":{"line":8,"column":82}},"type":"binary-expr","locations":[{"start":{"line":8,"column":15},"end":{"line":8,"column":33}},{"start":{"line":8,"column":37},"end":{"line":8,"column":82}}],"line":8},"1":{"loc":{"start":{"line":13,"column":0},"end":{"line":15,"column":1}},"type":"if","locations":[{"start":{"line":13,"column":0},"end":{"line":15,"column":1}},{"start":{},"end":{}}],"line":13},"2":{"loc":{"start":{"line":22,"column":2},"end":{"line":26,"column":3}},"type":"if","locations":[{"start":{"line":22,"column":2},"end":{"line":26,"column":3}},{"start":{"line":24,"column":9},"end":{"line":26,"column":3}}],"line":22},"3":{"loc":{"start":{"line":46,"column":4},"end":{"line":76,"column":5}},"type":"if","locations":[{"start":{"line":46,"column":4},"end":{"line":76,"column":5}},{"start":{"line":48,"column":11},"end":{"line":76,"column":5}}],"line":46},"4":{"loc":{"start":{"line":58,"column":8},"end":{"line":74,"column":9}},"type":"if","locations":[{"start":{"line":58,"column":8},"end":{"line":74,"column":9}},{"start":{"line":60,"column":15},"end":{"line":74,"column":9}}],"line":58},"5":{"loc":{"start":{"line":60,"column":15},"end":{"line":74,"column":9}},"type":"if","locations":[{"start":{"line":60,"column":15},"end":{"line":74,"column":9}},{"start":{"line":72,"column":15},"end":{"line":74,"column":9}}],"line":60},"6":{"loc":{"start":{"line":66,"column":12},"end":{"line":70,"column":13}},"type":"if","locations":[{"start":{"line":66,"column":12},"end":{"line":70,"column":13}},{"start":{"line":68,"column":19},"end":{"line":70,"column":13}}],"line":66},"7":{"loc":{"start":{"line":102,"column":4},"end":{"line":179,"column":5}},"type":"if","locations":[{"start":{"line":102,"column":4},"end":{"line":179,"column":5}},{"start":{"line":104,"column":11},"end":{"line":179,"column":5}}],"line":102},"8":{"loc":{"start":{"line":109,"column":8},"end":{"line":177,"column":9}},"type":"if","locations":[{"start":{"line":109,"column":8},"end":{"line":177,"column":9}},{"start":{"line":111,"column":15},"end":{"line":177,"column":9}}],"line":109},"9":{"loc":{"start":{"line":109,"column":12},"end":{"line":109,"column":24}},"type":"binary-expr","locations":[{"start":{"line":109,"column":12},"end":{"line":109,"column":15}},{"start":{"line":109,"column":19},"end":{"line":109,"column":24}}],"line":109},"10":{"loc":{"start":{"line":114,"column":12},"end":{"line":175,"column":13}},"type":"if","locations":[{"start":{"line":114,"column":12},"end":{"line":175,"column":13}},{"start":{"line":116,"column":19},"end":{"line":175,"column":13}}],"line":114},"11":{"loc":{"start":{"line":116,"column":19},"end":{"line":175,"column":13}},"type":"if","locations":[{"start":{"line":116,"column":19},"end":{"line":175,"column":13}},{"start":{"line":173,"column":19},"end":{"line":175,"column":13}}],"line":116},"12":{"loc":{"start":{"line":163,"column":20},"end":{"line":167,"column":21}},"type":"if","locations":[{"start":{"line":163,"column":20},"end":{"line":167,"column":21}},{"start":{"line":165,"column":27},"end":{"line":167,"column":21}}],"line":163},"13":{"loc":{"start":{"line":186,"column":4},"end":{"line":190,"column":5}},"type":"if","locations":[{"start":{"line":186,"column":4},"end":{"line":190,"column":5}},{"start":{"line":188,"column":11},"end":{"line":190,"column":5}}],"line":186}},"s":{"0":0,"1":0,"2":0,"3":0,"4":0,"5":0,"6":0,"7":0,"8":0,"9":0,"10":0,"11":0,"12":0,"13":0,"14":0,"15":0,"16":0,"17":0,"18":0,"19":0,"20":0,"21":0,"22":0,"23":0,"24":0,"25":0,"26":0,"27":0,"28":0,"29":0,"30":0,"31":0,"32":0,"33":0,"34":0,"35":0,"36":0,"37":0,"38":0,"39":0,"40":0,"41":0,"42":0,"43":0,"44":0,"45":0,"46":0,"47":0,"48":0,"49":0,"50":0,"51":0,"52":0,"53":0,"54":0,"55":0,"56":0},"f":{"0":0,"1":0,"2":0,"3":0,"4":0,"5":0,"6":0,"7":0,"8":0,"9":0,"10":0,"11":0},"b":{"0":[0,0],"1":[0,0],"2":[0,0],"3":[0,0],"4":[0,0],"5":[0,0],"6":[0,0],"7":[0,0],"8":[0,0],"9":[0,0],"10":[0,0],"11":[0,0],"12":[0,0],"13":[0,0]}}
,"I:\\Document-OCR-Database\\patient-info-app\\backend\\src\\database\\init.js": {"path":"I:\\Document-OCR-Database\\patient-info-app\\backend\\src\\database\\init.js","statementMap":{"0":{"start":{"line":1,"column":22},"end":{"line":1,"column":42}},"1":{"start":{"line":2,"column":15},"end":{"line":2,"column":42}},"2":{"start":{"line":3,"column":15},"end":{"line":3,"column":41}},"3":{"start":{"line":5,"column":12},"end":{"line":5,"column":49}},"4":{"start":{"line":6,"column":17},"end":{"line":6,"column":32}},"5":{"start":{"line":8,"column":18},"end":{"line":17,"column":2}},"6":{"start":{"line":20,"column":13},"end":{"line":20,"column":59}},"7":{"start":{"line":21,"column":16},"end":{"line":21,"column":65}},"8":{"start":{"line":22,"column":15},"end":{"line":22,"column":63}},"9":{"start":{"line":23,"column":17},"end":{"line":23,"column":67}},"10":{"start":{"line":26,"column":0},"end":{"line":26,"column":54}},"11":{"start":{"line":27,"column":0},"end":{"line":27,"column":56}},"12":{"start":{"line":29,"column":0},"end":{"line":29,"column":56}},"13":{"start":{"line":30,"column":0},"end":{"line":30,"column":58}},"14":{"start":{"line":32,"column":0},"end":{"line":32,"column":68}},"15":{"start":{"line":33,"column":0},"end":{"line":33,"column":68}},"16":{"start":{"line":35,"column":0},"end":{"line":35,"column":72}},"17":{"start":{"line":36,"column":0},"end":{"line":36,"column":74}},"18":{"start":{"line":39,"column":2},"end":{"line":53,"column":3}},"19":{"start":{"line":41,"column":4},"end":{"line":41,"column":35}},"20":{"start":{"line":42,"column":4},"end":{"line":42,"column":74}},"21":{"start":{"line":46,"column":4},"end":{"line":46,"column":42}},"22":{"start":{"line":47,"column":4},"end":{"line":47,"column":67}},"23":{"start":{"line":49,"column":4},"end":{"line":49,"column":16}},"24":{"start":{"line":51,"column":4},"end":{"line":51,"column":58}},"25":{"start":{"line":52,"column":4},"end":{"line":52,"column":16}},"26":{"start":{"line":56,"column":0},"end":{"line":63,"column":2}}},"fnMap":{"0":{"name":"initializeDatabase","decl":{"start":{"line":38,"column":15},"end":{"line":38,"column":33}},"loc":{"start":{"line":38,"column":36},"end":{"line":54,"column":1}},"line":38}},"branchMap":{"0":{"loc":{"start":{"line":5,"column":12},"end":{"line":5,"column":49}},"type":"binary-expr","locations":[{"start":{"line":5,"column":12},"end":{"line":5,"column":32}},{"start":{"line":5,"column":36},"end":{"line":5,"column":49}}],"line":5},"1":{"loc":{"start":{"line":11,"column":11},"end":{"line":11,"column":49}},"type":"cond-expr","locations":[{"start":{"line":11,"column":30},"end":{"line":11,"column":41}},{"start":{"line":11,"column":44},"end":{"line":11,"column":49}}],"line":11}},"s":{"0":4,"1":4,"2":4,"3":4,"4":4,"5":4,"6":4,"7":4,"8":4,"9":4,"10":4,"11":4,"12":4,"13":4,"14":4,"15":4,"16":4,"17":4,"18":0,"19":0,"20":0,"21":0,"22":0,"23":0,"24":0,"25":0,"26":4},"f":{"0":0},"b":{"0":[4,0],"1":[0,4]},"_coverageSchema":"1a1c01bbd47fc00a2c39e90264f33305004495a9","hash":"70dbc1b71a31d481dc696738b75119017ec08f46"}
,"I:\\Document-OCR-Database\\patient-info-app\\backend\\src\\database\\migrate.js": {"path":"I:\\Document-OCR-Database\\patient-info-app\\backend\\src\\database\\migrate.js","statementMap":{"0":{"start":{"line":1,"column":17},"end":{"line":1,"column":30}},"1":{"start":{"line":2,"column":15},"end":{"line":2,"column":45}},"2":{"start":{"line":4,"column":13},"end":{"line":10,"column":2}},"3":{"start":{"line":13,"column":19},"end":{"line":13,"column":39}},"4":{"start":{"line":14,"column":4},"end":{"line":48,"column":5}},"5":{"start":{"line":15,"column":8},"end":{"line":15,"column":36}},"6":{"start":{"line":18,"column":8},"end":{"line":25,"column":11}},"7":{"start":{"line":28,"column":8},"end":{"line":38,"column":11}},"8":{"start":{"line":40,"column":8},"end":{"line":40,"column":37}},"9":{"start":{"line":41,"column":8},"end":{"line":41,"column":57}},"10":{"start":{"line":43,"column":8},"end":{"line":43,"column":39}},"11":{"start":{"line":44,"column":8},"end":{"line":44,"column":58}},"12":{"start":{"line":46,"column":8},"end":{"line":46,"column":25}},"13":{"start":{"line":47,"column":8},"end":{"line":47,"column":19}},"14":{"start":{"line":51,"column":0},"end":{"line":51,"column":16}}},"fnMap":{"0":{"name":"runMigrations","decl":{"start":{"line":12,"column":15},"end":{"line":12,"column":28}},"loc":{"start":{"line":12,"column":31},"end":{"line":49,"column":1}},"line":12}},"branchMap":{},"s":{"0":0,"1":0,"2":0,"3":0,"4":0,"5":0,"6":0,"7":0,"8":0,"9":0,"10":0,"11":0,"12":0,"13":0,"14":0},"f":{"0":0},"b":{}}
,"I:\\Document-OCR-Database\\patient-info-app\\backend\\src\\database\\models.js": {"path":"I:\\Document-OCR-Database\\patient-info-app\\backend\\src\\database\\models.js","statementMap":{"0":{"start":{"line":2,"column":0},"end":{"line":2,"column":46}}},"fnMap":{},"branchMap":{},"s":{"0":6},"f":{},"b":{},"_coverageSchema":"1a1c01bbd47fc00a2c39e90264f33305004495a9","hash":"5ce86083090fe0d4e83f81e0f8707db15b376817"}
,"I:\\Document-OCR-Database\\patient-info-app\\backend\\src\\database\\models\\CautionCard.js": {"path":"I:\\Document-OCR-Database\\patient-info-app\\backend\\src\\database\\models\\CautionCard.js","statementMap":{"0":{"start":{"line":2,"column":18},"end":{"line":2,"column":38}},"1":{"start":{"line":4,"column":0},"end":{"line":76,"column":2}},"2":{"start":{"line":8,"column":6},"end":{"line":11,"column":9}},"3":{"start":{"line":14,"column":6},"end":{"line":19,"column":9}},"4":{"start":{"line":22,"column":2},"end":{"line":74,"column":5}},"5":{"start":{"line":75,"column":2},"end":{"line":75,"column":21}}},"fnMap":{"0":{"name":"(anonymous_0)","decl":{"start":{"line":4,"column":17},"end":{"line":4,"column":18}},"loc":{"start":{"line":4,"column":43},"end":{"line":76,"column":1}},"line":4},"1":{"name":"(anonymous_1)","decl":{"start":{"line":6,"column":4},"end":{"line":6,"column":5}},"loc":{"start":{"line":6,"column":29},"end":{"line":20,"column":5}},"line":6}},"branchMap":{},"s":{"0":10,"1":10,"2":6,"3":6,"4":13,"5":13},"f":{"0":13,"1":6},"b":{},"_coverageSchema":"1a1c01bbd47fc00a2c39e90264f33305004495a9","hash":"058c918f5ccfdee104fe8cfe6acccb4e6250a363"}
,"I:\\Document-OCR-Database\\patient-info-app\\backend\\src\\database\\models\\OrphanedCautionCard.js": {"path":"I:\\Document-OCR-Database\\patient-info-app\\backend\\src\\database\\models\\OrphanedCautionCard.js","statementMap":{"0":{"start":{"line":2,"column":18},"end":{"line":2,"column":38}},"1":{"start":{"line":4,"column":0},"end":{"line":70,"column":2}},"2":{"start":{"line":13,"column":6},"end":{"line":18,"column":9}},"3":{"start":{"line":21,"column":2},"end":{"line":68,"column":5}},"4":{"start":{"line":69,"column":2},"end":{"line":69,"column":29}}},"fnMap":{"0":{"name":"(anonymous_0)","decl":{"start":{"line":4,"column":17},"end":{"line":4,"column":18}},"loc":{"start":{"line":4,"column":43},"end":{"line":70,"column":1}},"line":4},"1":{"name":"(anonymous_1)","decl":{"start":{"line":11,"column":4},"end":{"line":11,"column":5}},"loc":{"start":{"line":11,"column":29},"end":{"line":19,"column":5}},"line":11}},"branchMap":{},"s":{"0":10,"1":10,"2":6,"3":13,"4":13},"f":{"0":13,"1":6},"b":{},"_coverageSchema":"1a1c01bbd47fc00a2c39e90264f33305004495a9","hash":"2a91df77f5980ed84c191b839346e012fa976ef1"}
,"I:\\Document-OCR-Database\\patient-info-app\\backend\\src\\database\\models\\Report.js": {"path":"I:\\Document-OCR-Database\\patient-info-app\\backend\\src\\database\\models\\Report.js","statementMap":{"0":{"start":{"line":1,"column":22},"end":{"line":1,"column":42}},"1":{"start":{"line":3,"column":0},"end":{"line":75,"column":2}},"2":{"start":{"line":4,"column":17},"end":{"line":72,"column":4}},"3":{"start":{"line":74,"column":2},"end":{"line":74,"column":16}}},"fnMap":{"0":{"name":"(anonymous_0)","decl":{"start":{"line":3,"column":17},"end":{"line":3,"column":18}},"loc":{"start":{"line":3,"column":32},"end":{"line":75,"column":1}},"line":3}},"branchMap":{},"s":{"0":11,"1":11,"2":17,"3":17},"f":{"0":17},"b":{},"_coverageSchema":"1a1c01bbd47fc00a2c39e90264f33305004495a9","hash":"10ebed9bd1649763bc646c2b816128cee4068fe9"}
,"I:\\Document-OCR-Database\\patient-info-app\\backend\\src\\database\\models\\document.js": {"path":"I:\\Document-OCR-Database\\patient-info-app\\backend\\src\\database\\models\\document.js","statementMap":{"0":{"start":{"line":1,"column":22},"end":{"line":1,"column":42}},"1":{"start":{"line":3,"column":0},"end":{"line":104,"column":2}},"2":{"start":{"line":4,"column":21},"end":{"line":101,"column":6}},"3":{"start":{"line":103,"column":4},"end":{"line":103,"column":20}}},"fnMap":{"0":{"name":"(anonymous_0)","decl":{"start":{"line":3,"column":17},"end":{"line":3,"column":18}},"loc":{"start":{"line":3,"column":32},"end":{"line":104,"column":1}},"line":3}},"branchMap":{},"s":{"0":11,"1":11,"2":17,"3":17},"f":{"0":17},"b":{},"_coverageSchema":"1a1c01bbd47fc00a2c39e90264f33305004495a9","hash":"43b296c90890d4d40552533fafb0898f76c863cc"}
,"I:\\Document-OCR-Database\\patient-info-app\\backend\\src\\database\\models\\index.js": {"path":"I:\\Document-OCR-Database\\patient-info-app\\backend\\src\\database\\models\\index.js","statementMap":{"0":{"start":{"line":1,"column":22},"end":{"line":1,"column":42}},"1":{"start":{"line":2,"column":15},"end":{"line":2,"column":35}},"2":{"start":{"line":3,"column":15},"end":{"line":3,"column":44}},"3":{"start":{"line":5,"column":12},"end":{"line":5,"column":49}},"4":{"start":{"line":6,"column":17},"end":{"line":6,"column":28}},"5":{"start":{"line":8,"column":18},"end":{"line":8,"column":41}},"6":{"start":{"line":11,"column":16},"end":{"line":11,"column":58}},"7":{"start":{"line":12,"column":15},"end":{"line":12,"column":56}},"8":{"start":{"line":13,"column":17},"end":{"line":13,"column":60}},"9":{"start":{"line":14,"column":13},"end":{"line":14,"column":52}},"10":{"start":{"line":15,"column":20},"end":{"line":15,"column":66}},"11":{"start":{"line":16,"column":28},"end":{"line":16,"column":82}},"12":{"start":{"line":19,"column":0},"end":{"line":22,"column":3}},"13":{"start":{"line":24,"column":0},"end":{"line":27,"column":3}},"14":{"start":{"line":30,"column":0},"end":{"line":33,"column":3}},"15":{"start":{"line":34,"column":0},"end":{"line":37,"column":3}},"16":{"start":{"line":39,"column":0},"end":{"line":39,"column":56}},"17":{"start":{"line":40,"column":0},"end":{"line":40,"column":58}},"18":{"start":{"line":43,"column":19},"end":{"line":54,"column":1}},"19":{"start":{"line":44,"column":2},"end":{"line":53,"column":3}},"20":{"start":{"line":45,"column":4},"end":{"line":45,"column":35}},"21":{"start":{"line":46,"column":4},"end":{"line":46,"column":65}},"22":{"start":{"line":48,"column":4},"end":{"line":48,"column":27}},"23":{"start":{"line":49,"column":4},"end":{"line":49,"column":55}},"24":{"start":{"line":51,"column":4},"end":{"line":51,"column":62}},"25":{"start":{"line":52,"column":4},"end":{"line":52,"column":16}},"26":{"start":{"line":57,"column":16},"end":{"line":65,"column":1}},"27":{"start":{"line":58,"column":2},"end":{"line":64,"column":3}},"28":{"start":{"line":59,"column":4},"end":{"line":59,"column":28}},"29":{"start":{"line":60,"column":4},"end":{"line":60,"column":47}},"30":{"start":{"line":62,"column":4},"end":{"line":62,"column":62}},"31":{"start":{"line":63,"column":4},"end":{"line":63,"column":16}},"32":{"start":{"line":67,"column":0},"end":{"line":77,"column":2}}},"fnMap":{"0":{"name":"(anonymous_0)","decl":{"start":{"line":43,"column":19},"end":{"line":43,"column":20}},"loc":{"start":{"line":43,"column":31},"end":{"line":54,"column":1}},"line":43},"1":{"name":"(anonymous_1)","decl":{"start":{"line":57,"column":16},"end":{"line":57,"column":17}},"loc":{"start":{"line":57,"column":28},"end":{"line":65,"column":1}},"line":57}},"branchMap":{"0":{"loc":{"start":{"line":5,"column":12},"end":{"line":5,"column":49}},"type":"binary-expr","locations":[{"start":{"line":5,"column":12},"end":{"line":5,"column":32}},{"start":{"line":5,"column":36},"end":{"line":5,"column":49}}],"line":5}},"s":{"0":7,"1":7,"2":7,"3":7,"4":7,"5":7,"6":7,"7":7,"8":7,"9":7,"10":7,"11":7,"12":7,"13":7,"14":7,"15":7,"16":7,"17":7,"18":7,"19":0,"20":0,"21":0,"22":0,"23":0,"24":0,"25":0,"26":7,"27":0,"28":0,"29":0,"30":0,"31":0,"32":7},"f":{"0":0,"1":0},"b":{"0":[7,0]},"_coverageSchema":"1a1c01bbd47fc00a2c39e90264f33305004495a9","hash":"967ab8483f58d3aa5df5889456a78aa191353b08"}
,"I:\\Document-OCR-Database\\patient-info-app\\backend\\src\\database\\models\\patient.js": {"path":"I:\\Document-OCR-Database\\patient-info-app\\backend\\src\\database\\models\\patient.js","statementMap":{"0":{"start":{"line":1,"column":22},"end":{"line":1,"column":42}},"1":{"start":{"line":3,"column":0},"end":{"line":125,"column":2}},"2":{"start":{"line":4,"column":20},"end":{"line":122,"column":6}},"3":{"start":{"line":124,"column":4},"end":{"line":124,"column":19}}},"fnMap":{"0":{"name":"(anonymous_0)","decl":{"start":{"line":3,"column":17},"end":{"line":3,"column":18}},"loc":{"start":{"line":3,"column":32},"end":{"line":125,"column":1}},"line":3}},"branchMap":{},"s":{"0":11,"1":11,"2":17,"3":17},"f":{"0":17},"b":{},"_coverageSchema":"1a1c01bbd47fc00a2c39e90264f33305004495a9","hash":"5cd5ddf0ec76f3ab586ff2bd83b095c2e65ee4a9"}
,"I:\\Document-OCR-Database\\patient-info-app\\backend\\src\\database\\models\\transfusionRequirement.js": {"path":"I:\\Document-OCR-Database\\patient-info-app\\backend\\src\\database\\models\\transfusionRequirement.js","statementMap":{"0":{"start":{"line":1,"column":22},"end":{"line":1,"column":42}},"1":{"start":{"line":3,"column":0},"end":{"line":74,"column":1}},"2":{"start":{"line":4,"column":35},"end":{"line":71,"column":6}},"3":{"start":{"line":73,"column":4},"end":{"line":73,"column":33}}},"fnMap":{"0":{"name":"(anonymous_0)","decl":{"start":{"line":3,"column":17},"end":{"line":3,"column":18}},"loc":{"start":{"line":3,"column":43},"end":{"line":74,"column":1}},"line":3}},"branchMap":{},"s":{"0":6,"1":6,"2":6,"3":6},"f":{"0":6},"b":{},"_coverageSchema":"1a1c01bbd47fc00a2c39e90264f33305004495a9","hash":"8867fcc34de2d287fa4af2aa7dd8caca72c9f5a0"}
,"I:\\Document-OCR-Database\\patient-info-app\\backend\\src\\database\\models\\user.js": {"path":"I:\\Document-OCR-Database\\patient-info-app\\backend\\src\\database\\models\\user.js","statementMap":{"0":{"start":{"line":1,"column":22},"end":{"line":1,"column":42}},"1":{"start":{"line":2,"column":15},"end":{"line":2,"column":32}},"2":{"start":{"line":4,"column":0},"end":{"line":120,"column":2}},"3":{"start":{"line":5,"column":17},"end":{"line":75,"column":6}},"4":{"start":{"line":78,"column":4},"end":{"line":100,"column":6}},"5":{"start":{"line":80,"column":8},"end":{"line":82,"column":9}},"6":{"start":{"line":81,"column":12},"end":{"line":81,"column":87}},"7":{"start":{"line":85,"column":29},"end":{"line":85,"column":51}},"8":{"start":{"line":86,"column":29},"end":{"line":86,"column":51}},"9":{"start":{"line":87,"column":25},"end":{"line":87,"column":44}},"10":{"start":{"line":89,"column":8},"end":{"line":91,"column":9}},"11":{"start":{"line":90,"column":12},"end":{"line":90,"column":100}},"12":{"start":{"line":92,"column":8},"end":{"line":94,"column":9}},"13":{"start":{"line":93,"column":12},"end":{"line":93,"column":100}},"14":{"start":{"line":95,"column":8},"end":{"line":97,"column":9}},"15":{"start":{"line":96,"column":12},"end":{"line":96,"column":89}},"16":{"start":{"line":99,"column":8},"end":{"line":99,"column":31}},"17":{"start":{"line":103,"column":4},"end":{"line":112,"column":6}},"18":{"start":{"line":105,"column":27},"end":{"line":105,"column":58}},"19":{"start":{"line":106,"column":8},"end":{"line":108,"column":9}},"20":{"start":{"line":107,"column":12},"end":{"line":107,"column":48}},"21":{"start":{"line":111,"column":8},"end":{"line":111,"column":61}},"22":{"start":{"line":115,"column":4},"end":{"line":117,"column":6}},"23":{"start":{"line":116,"column":8},"end":{"line":116,"column":64}},"24":{"start":{"line":119,"column":4},"end":{"line":119,"column":16}}},"fnMap":{"0":{"name":"(anonymous_0)","decl":{"start":{"line":4,"column":17},"end":{"line":4,"column":18}},"loc":{"start":{"line":4,"column":43},"end":{"line":120,"column":1}},"line":4},"1":{"name":"(anonymous_1)","decl":{"start":{"line":78,"column":28},"end":{"line":78,"column":29}},"loc":{"start":{"line":78,"column":47},"end":{"line":100,"column":5}},"line":78},"2":{"name":"(anonymous_2)","decl":{"start":{"line":103,"column":33},"end":{"line":103,"column":34}},"loc":{"start":{"line":103,"column":58},"end":{"line":112,"column":5}},"line":103},"3":{"name":"(anonymous_3)","decl":{"start":{"line":115,"column":36},"end":{"line":115,"column":37}},"loc":{"start":{"line":115,"column":55},"end":{"line":117,"column":5}},"line":115}},"branchMap":{"0":{"loc":{"start":{"line":80,"column":8},"end":{"line":82,"column":9}},"type":"if","locations":[{"start":{"line":80,"column":8},"end":{"line":82,"column":9}},{"start":{},"end":{}}],"line":80},"1":{"loc":{"start":{"line":80,"column":12},"end":{"line":80,"column":44}},"type":"binary-expr","locations":[{"start":{"line":80,"column":12},"end":{"line":80,"column":21}},{"start":{"line":80,"column":25},"end":{"line":80,"column":44}}],"line":80},"2":{"loc":{"start":{"line":89,"column":8},"end":{"line":91,"column":9}},"type":"if","locations":[{"start":{"line":89,"column":8},"end":{"line":91,"column":9}},{"start":{},"end":{}}],"line":89},"3":{"loc":{"start":{"line":92,"column":8},"end":{"line":94,"column":9}},"type":"if","locations":[{"start":{"line":92,"column":8},"end":{"line":94,"column":9}},{"start":{},"end":{}}],"line":92},"4":{"loc":{"start":{"line":95,"column":8},"end":{"line":97,"column":9}},"type":"if","locations":[{"start":{"line":95,"column":8},"end":{"line":97,"column":9}},{"start":{},"end":{}}],"line":95},"5":{"loc":{"start":{"line":106,"column":8},"end":{"line":108,"column":9}},"type":"if","locations":[{"start":{"line":106,"column":8},"end":{"line":108,"column":9}},{"start":{},"end":{}}],"line":106}},"s":{"0":11,"1":11,"2":11,"3":17,"4":17,"5":0,"6":0,"7":0,"8":0,"9":0,"10":0,"11":0,"12":0,"13":0,"14":0,"15":0,"16":0,"17":17,"18":0,"19":0,"20":0,"21":0,"22":17,"23":0,"24":17},"f":{"0":17,"1":0,"2":0,"3":0},"b":{"0":[0,0],"1":[0,0],"2":[0,0],"3":[0,0],"4":[0,0],"5":[0,0]},"_coverageSchema":"1a1c01bbd47fc00a2c39e90264f33305004495a9","hash":"2caed51bd2da14be6d0ab986dea9b8168abc41eb"}
,"I:\\Document-OCR-Database\\patient-info-app\\backend\\src\\errors\\AppError.js": {"path":"I:\\Document-OCR-Database\\patient-info-app\\backend\\src\\errors\\AppError.js","statementMap":{"0":{"start":{"line":7,"column":4},"end":{"line":7,"column":19}},"1":{"start":{"line":8,"column":4},"end":{"line":8,"column":33}},"2":{"start":{"line":9,"column":4},"end":{"line":9,"column":21}},"3":{"start":{"line":10,"column":4},"end":{"line":10,"column":21}},"4":{"start":{"line":11,"column":4},"end":{"line":11,"column":30}},"5":{"start":{"line":13,"column":4},"end":{"line":13,"column":52}},"6":{"start":{"line":17,"column":0},"end":{"line":17,"column":26}}},"fnMap":{"0":{"name":"(anonymous_0)","decl":{"start":{"line":6,"column":2},"end":{"line":6,"column":3}},"loc":{"start":{"line":6,"column":84},"end":{"line":14,"column":3}},"line":6}},"branchMap":{"0":{"loc":{"start":{"line":6,"column":23},"end":{"line":6,"column":39}},"type":"default-arg","locations":[{"start":{"line":6,"column":36},"end":{"line":6,"column":39}}],"line":6},"1":{"loc":{"start":{"line":6,"column":41},"end":{"line":6,"column":71}},"type":"default-arg","locations":[{"start":{"line":6,"column":48},"end":{"line":6,"column":71}}],"line":6},"2":{"loc":{"start":{"line":6,"column":73},"end":{"line":6,"column":82}},"type":"default-arg","locations":[{"start":{"line":6,"column":80},"end":{"line":6,"column":82}}],"line":6}},"s":{"0":4,"1":4,"2":4,"3":4,"4":4,"5":4,"6":6},"f":{"0":4},"b":{"0":[0],"1":[4],"2":[4]},"_coverageSchema":"1a1c01bbd47fc00a2c39e90264f33305004495a9","hash":"1060c1e6f181e3e0701864d5aeb9521b876e3f31"}
,"I:\\Document-OCR-Database\\patient-info-app\\backend\\src\\errors\\ErrorTypes.js": {"path":"I:\\Document-OCR-Database\\patient-info-app\\backend\\src\\errors\\ErrorTypes.js","statementMap":{"0":{"start":{"line":5,"column":17},"end":{"line":5,"column":38}},"1":{"start":{"line":12,"column":4},"end":{"line":12,"column":45}},"2":{"start":{"line":21,"column":4},"end":{"line":21,"column":46}},"3":{"start":{"line":30,"column":4},"end":{"line":30,"column":43}},"4":{"start":{"line":39,"column":4},"end":{"line":39,"column":43}},"5":{"start":{"line":48,"column":4},"end":{"line":48,"column":42}},"6":{"start":{"line":57,"column":4},"end":{"line":57,"column":56}},"7":{"start":{"line":67,"column":27},"end":{"line":70,"column":12}},"8":{"start":{"line":72,"column":4},"end":{"line":72,"column":69}},"9":{"start":{"line":76,"column":0},"end":{"line":84,"column":2}}},"fnMap":{"0":{"name":"(anonymous_0)","decl":{"start":{"line":11,"column":2},"end":{"line":11,"column":3}},"loc":{"start":{"line":11,"column":50},"end":{"line":13,"column":3}},"line":11},"1":{"name":"(anonymous_1)","decl":{"start":{"line":20,"column":2},"end":{"line":20,"column":3}},"loc":{"start":{"line":20,"column":62},"end":{"line":22,"column":3}},"line":20},"2":{"name":"(anonymous_2)","decl":{"start":{"line":29,"column":2},"end":{"line":29,"column":3}},"loc":{"start":{"line":29,"column":55},"end":{"line":31,"column":3}},"line":29},"3":{"name":"(anonymous_3)","decl":{"start":{"line":38,"column":2},"end":{"line":38,"column":3}},"loc":{"start":{"line":38,"column":57},"end":{"line":40,"column":3}},"line":38},"4":{"name":"(anonymous_4)","decl":{"start":{"line":47,"column":2},"end":{"line":47,"column":3}},"loc":{"start":{"line":47,"column":56},"end":{"line":49,"column":3}},"line":47},"5":{"name":"(anonymous_5)","decl":{"start":{"line":56,"column":2},"end":{"line":56,"column":3}},"loc":{"start":{"line":56,"column":58},"end":{"line":58,"column":3}},"line":56},"6":{"name":"(anonymous_6)","decl":{"start":{"line":65,"column":2},"end":{"line":65,"column":3}},"loc":{"start":{"line":65,"column":65},"end":{"line":73,"column":3}},"line":65}},"branchMap":{"0":{"loc":{"start":{"line":11,"column":14},"end":{"line":11,"column":37}},"type":"default-arg","locations":[{"start":{"line":11,"column":24},"end":{"line":11,"column":37}}],"line":11},"1":{"loc":{"start":{"line":11,"column":39},"end":{"line":11,"column":48}},"type":"default-arg","locations":[{"start":{"line":11,"column":46},"end":{"line":11,"column":48}}],"line":11},"2":{"loc":{"start":{"line":20,"column":14},"end":{"line":20,"column":49}},"type":"default-arg","locations":[{"start":{"line":20,"column":24},"end":{"line":20,"column":49}}],"line":20},"3":{"loc":{"start":{"line":20,"column":51},"end":{"line":20,"column":60}},"type":"default-arg","locations":[{"start":{"line":20,"column":58},"end":{"line":20,"column":60}}],"line":20},"4":{"loc":{"start":{"line":29,"column":14},"end":{"line":29,"column":42}},"type":"default-arg","locations":[{"start":{"line":29,"column":24},"end":{"line":29,"column":42}}],"line":29},"5":{"loc":{"start":{"line":29,"column":44},"end":{"line":29,"column":53}},"type":"default-arg","locations":[{"start":{"line":29,"column":51},"end":{"line":29,"column":53}}],"line":29},"6":{"loc":{"start":{"line":38,"column":14},"end":{"line":38,"column":44}},"type":"default-arg","locations":[{"start":{"line":38,"column":24},"end":{"line":38,"column":44}}],"line":38},"7":{"loc":{"start":{"line":38,"column":46},"end":{"line":38,"column":55}},"type":"default-arg","locations":[{"start":{"line":38,"column":53},"end":{"line":38,"column":55}}],"line":38},"8":{"loc":{"start":{"line":47,"column":14},"end":{"line":47,"column":43}},"type":"default-arg","locations":[{"start":{"line":47,"column":24},"end":{"line":47,"column":43}}],"line":47},"9":{"loc":{"start":{"line":47,"column"
[...]
3},"6":{"loc":{"start":{"line":30,"column":27},"end":{"line":30,"column":62}},"type":"default-arg","locations":[{"start":{"line":30,"column":37},"end":{"line":30,"column":62}}],"line":30},"7":{"loc":{"start":{"line":30,"column":64},"end":{"line":30,"column":85}},"type":"default-arg","locations":[{"start":{"line":30,"column":71},"end":{"line":30,"column":85}}],"line":30},"8":{"loc":{"start":{"line":30,"column":87},"end":{"line":30,"column":99}},"type":"default-arg","locations":[{"start":{"line":30,"column":97},"end":{"line":30,"column":99}}],"line":30},"9":{"loc":{"start":{"line":37,"column":24},"end":{"line":37,"column":52}},"type":"default-arg","locations":[{"start":{"line":37,"column":34},"end":{"line":37,"column":52}}],"line":37},"10":{"loc":{"start":{"line":37,"column":54},"end":{"line":37,"column":72}},"type":"default-arg","locations":[{"start":{"line":37,"column":61},"end":{"line":37,"column":72}}],"line":37},"11":{"loc":{"start":{"line":37,"column":74},"end":{"line":37,"column":86}},"type":"default-arg","locations":[{"start":{"line":37,"column":84},"end":{"line":37,"column":86}}],"line":37},"12":{"loc":{"start":{"line":44,"column":23},"end":{"line":44,"column":53}},"type":"default-arg","locations":[{"start":{"line":44,"column":33},"end":{"line":44,"column":53}}],"line":44},"13":{"loc":{"start":{"line":44,"column":55},"end":{"line":44,"column":73}},"type":"default-arg","locations":[{"start":{"line":44,"column":62},"end":{"line":44,"column":73}}],"line":44},"14":{"loc":{"start":{"line":44,"column":75},"end":{"line":44,"column":87}},"type":"default-arg","locations":[{"start":{"line":44,"column":85},"end":{"line":44,"column":87}}],"line":44},"15":{"loc":{"start":{"line":51,"column":23},"end":{"line":51,"column":52}},"type":"default-arg","locations":[{"start":{"line":51,"column":33},"end":{"line":51,"column":52}}],"line":51},"16":{"loc":{"start":{"line":51,"column":54},"end":{"line":51,"column":71}},"type":"default-arg","locations":[{"start":{"line":51,"column":61},"end":{"line":51,"column":71}}],"line":51},"17":{"loc":{"start":{"line":51,"column":73},"end":{"line":51,"column":85}},"type":"default-arg","locations":[{"start":{"line":51,"column":83},"end":{"line":51,"column":85}}],"line":51},"18":{"loc":{"start":{"line":58,"column":30},"end":{"line":58,"column":59}},"type":"default-arg","locations":[{"start":{"line":58,"column":40},"end":{"line":58,"column":59}}],"line":58},"19":{"loc":{"start":{"line":58,"column":61},"end":{"line":58,"column":72}},"type":"default-arg","locations":[{"start":{"line":58,"column":70},"end":{"line":58,"column":72}}],"line":58},"20":{"loc":{"start":{"line":67,"column":26},"end":{"line":67,"column":59}},"type":"default-arg","locations":[{"start":{"line":67,"column":36},"end":{"line":67,"column":59}}],"line":67},"21":{"loc":{"start":{"line":67,"column":61},"end":{"line":67,"column":91}},"type":"default-arg","locations":[{"start":{"line":67,"column":68},"end":{"line":67,"column":91}}],"line":67},"22":{"loc":{"start":{"line":67,"column":93},"end":{"line":67,"column":105}},"type":"default-arg","locations":[{"start":{"line":67,"column":103},"end":{"line":67,"column":105}}],"line":67}},"s":{"0":0,"1":0,"2":0,"3":0,"4":0,"5":0,"6":0,"7":0,"8":0,"9":0,"10":0,"11":0,"12":0,"13":0,"14":0,"15":0,"16":0},"f":{"0":0,"1":0,"2":0,"3":0,"4":0,"5":0,"6":0,"7":0},"b":{"0":[0],"1":[0],"2":[0,0],"3":[0],"4":[0],"5":[0],"6":[0],"7":[0],"8":[0],"9":[0],"10":[0],"11":[0],"12":[0],"13":[0],"14":[0],"15":[0],"16":[0],"17":[0],"18":[0],"19":[0],"20":[0],"21":[0],"22":[0]}}
,"I:\\Document-OCR-Database\\patient-info-app\\backend\\src\\utils\\logger.js": {"path":"I:\\Document-OCR-Database\\patient-info-app\\backend\\src\\utils\\logger.js","statementMap":{"0":{"start":{"line":1,"column":16},"end":{"line":1,"column":34}},"1":{"start":{"line":3,"column":15},"end":{"line":19,"column":2}},"2":{"start":{"line":21,"column":0},"end":{"line":21,"column":24}}},"fnMap":{},"branchMap":{},"s":{"0":8,"1":8,"2":8},"f":{},"b":{},"_coverageSchema":"1a1c01bbd47fc00a2c39e90264f33305004495a9","hash":"91dd8e83e3404c813bdcf00385943c2df0a11cf5"}
,"I:\\Document-OCR-Database\\patient-info-app\\backend\\src\\utils\\reportParser.js": {"path":"I:\\Document-OCR-Database\\patient-info-app\\backend\\src\\utils\\reportParser.js","statementMap":{"0":{"start":{"line":1,"column":20},"end":{"line":1,"column":49}},"1":{"start":{"line":2,"column":15},"end":{"line":2,"column":34}},"2":{"start":{"line":10,"column":4},"end":{"line":10,"column":54}},"3":{"start":{"line":14,"column":25},"end":{"line":14,"column":187}},"4":{"start":{"line":16,"column":27},"end":{"line":16,"column":42}},"5":{"start":{"line":17,"column":18},"end":{"line":17,"column":42}},"6":{"start":{"line":19,"column":4},"end":{"line":22,"column":5}},"7":{"start":{"line":20,"column":8},"end":{"line":20,"column":54}},"8":{"start":{"line":21,"column":8},"end":{"line":21,"column":20}},"9":{"start":{"line":24,"column":4},"end":{"line":24,"column":72}},"10":{"start":{"line":27,"column":103},"end":{"line":27,"column":108}},"11":{"start":{"line":28,"column":4},"end":{"line":28,"column":229}},"12":{"start":{"line":31,"column":31},"end":{"line":31,"column":80}},"13":{"start":{"line":32,"column":21},"end":{"line":35,"column":5}},"14":{"start":{"line":39,"column":20},"end":{"line":39,"column":34}},"15":{"start":{"line":40,"column":21},"end":{"line":40,"column":68}},"16":{"start":{"line":41,"column":16},"end":{"line":41,"column":66}},"17":{"start":{"line":44,"column":16},"end":{"line":44,"column":26}},"18":{"start":{"line":45,"column":4},"end":{"line":48,"column":5}},"19":{"start":{"line":46,"column":8},"end":{"line":46,"column":103}},"20":{"start":{"line":47,"column":8},"end":{"line":47,"column":20}},"21":{"start":{"line":49,"column":4},"end":{"line":52,"column":5}},"22":{"start":{"line":50,"column":8},"end":{"line":50,"column":108}},"23":{"start":{"line":51,"column":8},"end":{"line":51,"column":20}},"24":{"start":{"line":55,"column":23},"end":{"line":55,"column":74}},"25":{"start":{"line":55,"column":34},"end":{"line":55,"column":74}},"26":{"start":{"line":58,"column":22},"end":{"line":58,"column":69}},"27":{"start":{"line":58,"column":57},"end":{"line":58,"column":68}},"28":{"start":{"line":59,"column":21},"end":{"line":59,"column":33}},"29":{"start":{"line":60,"column":22},"end":{"line":60,"column":50}},"30":{"start":{"line":63,"column":29},"end":{"line":63,"column":87}},"31":{"start":{"line":64,"column":31},"end":{"line":64,"column":115}},"32":{"start":{"line":67,"column":32},"end":{"line":67,"column":86}},"33":{"start":{"line":69,"column":19},"end":{"line":81,"column":5}},"34":{"start":{"line":83,"column":4},"end":{"line":83,"column":67}},"35":{"start":{"line":84,"column":4},"end":{"line":84,"column":18}},"36":{"start":{"line":93,"column":4},"end":{"line":95,"column":52}},"37":{"start":{"line":94,"column":24},"end":{"line":94,"column":43}},"38":{"start":{"line":95,"column":21},"end":{"line":95,"column":50}},"39":{"start":{"line":104,"column":4},"end":{"line":104,"column":45}},"40":{"start":{"line":105,"column":4},"end":{"line":105,"column":53}},"41":{"start":{"line":107,"column":18},"end":{"line":107,"column":43}},"42":{"start":{"line":108,"column":21},"end":{"line":108,"column":23}},"43":{"start":{"line":109,"column":25},"end":{"line":109,"column":29}},"44":{"start":{"line":110,"column":23},"end":{"line":110,"column":25}},"45":{"start":{"line":112,"column":4},"end":{"line":133,"column":5}},"46":{"start":{"line":114,"column":28},"end":{"line":114,"column":50}},"47":{"start":{"line":116,"column":8},"end":{"line":132,"column":9}},"48":{"start":{"line":117,"column":12},"end":{"line":117,"column":79}},"49":{"start":{"line":119,"column":12},"end":{"line":123,"column":13}},"50":{"start":{"line":120,"column":16},"end":{"line":120,"column":70}},"51":{"start":{"line":121,"column":16},"end":{"line":121,"column":46}},"52":{"start":{"line":122,"column":16},"end":{"line":122,"column":34}},"53":{"start":{"line":125,"column":12},"end":{"line":125,"column":41}},"54":{"start":{"line":126,"column":15},"end":{"line":132,"column":9}},"55":{"start":{"line":128,"column":12},"end":{"line":128,"column":21}},"56":{"start":{"line":129,"column":15},"end":{"line":132,"column":9}},"57":{"start":{"line":131,"column":12},"end":{"line":131,"column":36}},"58":{"start":{"line":136,"column":4},"end":{"line":139,"column":5}},"59":{"start":{"line":137,"column":8},"end":{"line":137,"column":62}},"60":{"start":{"line":138,"column":8},"end":{"line":138,"column":38}},"61":{"start":{"line":141,"column":4},"end":{"line":141,"column":55}},"62":{"start":{"line":142,"column":4},"end":{"line":142,"column":20}},"63":{"start":{"line":151,"column":4},"end":{"line":214,"column":5}},"64":{"start":{"line":152,"column":8},"end":{"line":152,"column":51}},"65":{"start":{"line":153,"column":31},"end":{"line":153,"column":57}},"66":{"start":{"line":154,"column":24},"end":{"line":154,"column":26}},"67":{"start":{"line":155,"column":8},"end":{"line":155,"column":75}},"68":{"start":{"line":157,"column":8},"end":{"line":208,"column":9}},"69":{"start":{"line":158,"column":12},"end":{"line":207,"column":13}},"70":{"start":{"line":160,"column":38},"end":{"line":172,"column":17}},"71":{"start":{"line":174,"column":16},"end":{"line":174,"column":100}},"72":{"start":{"line":177,"column":30},"end":{"line":181,"column":18}},"73":{"start":{"line":183,"column":16},"end":{"line":193,"column":17}},"74":{"start":{"line":185,"column":20},"end":{"line":185,"column":77}},"75":{"start":{"line":186,"column":20},"end":{"line":186,"column":66}},"76":{"start":{"line":187,"column":20},"end":{"line":187,"column":106}},"77":{"start":{"line":190,"column":20},"end":{"line":190,"column":91}},"78":{"start":{"line":191,"column":20},"end":{"line":191,"column":66}},"79":{"start":{"line":192,"column":20},"end":{"line":192,"column":110}},"80":{"start":{"line":195,"column":16},"end":{"line":195,"column":38}},"81":{"start":{"line":197,"column":16},"end":{"line":200,"column":17}},"82":{"start":{"line":198,"column":20},"end":{"line":198,"column":94}},"83":{"start":{"line":199,"column":20},"end":{"line":199,"column":109}},"84":{"start":{"line":201,"column":16},"end":{"line":205,"column":19}},"85":{"start":{"line":206,"column":16},"end":{"line":206,"column":28}},"86":{"start":{"line":210,"column":8},"end":{"line":210,"column":23}},"87":{"start":{"line":212,"column":8},"end":{"line":212,"column":90}},"88":{"start":{"line":213,"column":8},"end":{"line":213,"column":20}},"89":{"start":{"line":217,"column":0},"end":{"line":220,"column":2}}},"fnMap":{"0":{"name":"parsePatientLine","decl":{"start":{"line":9,"column":9},"end":{"line":9,"column":25}},"loc":{"start":{"line":9,"column":32},"end":{"line":85,"column":1}},"line":9},"1":{"name":"(anonymous_1)","decl":{"start":{"line":55,"column":23},"end":{"line":55,"column":24}},"loc":{"start":{"line":55,"column":34},"end":{"line":55,"column":74}},"line":55},"2":{"name":"(anonymous_2)","decl":{"start":{"line":58,"column":49},"end":{"line":58,"column":50}},"loc":{"start":{"line":58,"column":57},"end":{"line":58,"column":68}},"line":58},"3":{"name":"parseComments","decl":{"start":{"line":92,"column":9},"end":{"line":92,"column":22}},"loc":{"start":{"line":92,"column":30},"end":{"line":96,"column":1}},"line":92},"4":{"name":"(anonymous_4)","decl":{"start":{"line":94,"column":16},"end":{"line":94,"column":17}},"loc":{"start":{"line":94,"column":24},"end":{"line":94,"column":43}},"line":94},"5":{"name":"(anonymous_5)","decl":{"start":{"line":95,"column":13},"end":{"line":95,"column":14}},"loc":{"start":{"line":95,"column":21},"end":{"line":95,"column":50}},"line":95},"6":{"name":"parseReport","decl":{"start":{"line":103,"column":9},"end":{"line":103,"column":20}},"loc":{"start":{"line":103,"column":36},"end":{"line":143,"column":1}},"line":103},"7":{"name":"processReport","decl":{"start":{"line":150,"column":15},"end":{"line":150,"column":28}},"loc":{"start":{"line":150,"column":44},"end":{"line":215,"column":1}},"line":150}},"branchMap":{"0":{"loc":{"start":{"line":19,"column":4},"end":{"line":22,"column":5}},"type":"if","locations":[{"start":{"line":19,"column":4},"end":{"line":22,"column":5}},{"start":{},"end":{}}],"line":19},"1":{"loc":{"start":{"line":19,"column":8},"end":{"line":19,"column":44}},"type":"binary-expr","locations":[{"start":{"line":19,"column":8},"end":{"line":19,"column":14}},{"start":{"line":19,"column":18},"end":{"line":19,"column":44}}],"line":19},"2":{"loc":{"start":{"line":40,"column":21},"end":{"line":40,"column":68}},"type":"cond-expr","locations":[{"start":{"line":40,"column":37},"end":{"line":40,"column":51}},{"start":{"line":40,"column":54},"end":{"line":40,"column":68}}],"line":40},"3":{"loc":{"start":{"line":45,"column":4},"end":{"line":48,"column":5}},"type":"if","locations":[{"start":{"line":45,"column":4},"end":{"line":48,"column":5}},{"start":{},"end":{}}],"line":45},"4":{"loc":{"start":{"line":49,"column":4},"end":{"line":52,"column":5}},"type":"if","locations":[{"start":{"line":49,"column":4},"end":{"line":52,"column":5}},{"start":{},"end":{}}],"line":49},"5":{"loc":{"start":{"line":55,"column":34},"end":{"line":55,"column":74}},"type":"cond-expr","locations":[{"start":{"line":55,"column":55},"end":{"line":55,"column":59}},{"start":{"line":55,"column":62},"end":{"line":55,"column":74}}],"line":55},"6":{"loc":{"start":{"line":60,"column":22},"end":{"line":60,"column":50}},"type":"binary-expr","locations":[{"start":{"line":60,"column":22},"end":{"line":60,"column":34}},{"start":{"line":60,"column":38},"end":{"line":60,"column":50}}],"line":60},"7":{"loc":{"start":{"line":63,"column":29},"end":{"line":63,"column":87}},"type":"binary-expr","locations":[{"start":{"line":63,"column":29},"end":{"line":63,"column":79}},{"start":{"line":63,"column":83},"end":{"line":63,"column":87}}],"line":63},"8":{"loc":{"start":{"line":64,"column":31},"end":{"line":64,"column":115}},"type":"cond-expr","locations":[{"start":{"line":64,"column":50},"end":{"line":64,"column":108}},{"start":{"line":64,"column":111},"end":{"line":64,"column":115}}],"line":64},"9":{"loc":{"start":{"line":67,"column":32},"end":{"line":67,"column":86}},"type":"cond-expr","locations":[{"start":{"line":67,"column":57},"end":{"line":67,"column":81}},{"start":{"line":67,"column":84},"end":{"line":67,"column":86}}],"line":67},"10":{"loc":{"start":{"line":116,"column":8},"end":{"line":132,"column":9}},"type":"if","locations":[{"start":{"line":116,"column":8},"end":{"line":132,"column":9}},{"start":{"line":126,"column":15},"end":{"line":132,"column":9}}],"line":116},"11":{"loc":{"start":{"line":119,"column":12},"end":{"line":123,"column":13}},"type":"if","locations":[{"start":{"line":119,"column":12},"end":{"line":123,"column":13}},{"start":{},"end":{}}],"line":119},"12":{"loc":{"start":{"line":126,"column":15},"end":{"line":132,"column":9}},"type":"if","locations":[{"start":{"line":126,"column":15},"end":{"line":132,"column":9}},{"start":{"line":129,"column":15},"end":{"line":132,"column":9}}],"line":126},"13":{"loc":{"start":{"line":126,"column":19},"end":{"line":126,"column":85}},"type":"binary-expr","locations":[{"start":{"line":126,"column":19},"end":{"line":126,"column":33}},{"start":{"line":126,"column":37},"end":{"line":126,"column":85}}],"line":126},"14":{"loc":{"start":{"line":129,"column":15},"end":{"line":132,"column":9}},"type":"if","locations":[{"start":{"line":129,"column":15},"end":{"line":132,"column":9}},{"start":{},"end":{}}],"line":129},"15":{"loc":{"start":{"line":136,"column":4},"end":{"line":139,"column":5}},"type":"if","locations":[{"start":{"line":136,"column":4},"end":{"line":139,"column":5}},{"start":{},"end":{}}],"line":136},"16":{"loc":{"start":{"line":171,"column":30},"end":{"line":171,"column":56}},"type":"binary-expr","locations":[{"start":{"line":171,"column":30},"end":{"line":171,"column":50}},{"start":{"line":171,"column":54},"end":{"line":171,"column":56}}],"line":171},"17":{"loc":{"start":{"line":183,"column":16},"end":{"line":193,"column":17}},"type":"if","locations":[{"start":{"line":183,"column":16},"end":{"line":193,"column":17}},{"start":{"line":188,"column":23},"end":{"line":193,"column":17}}],"line":183},"18":{"loc":{"start":{"line":197,"column":16},"end":{"line":200,"column":17}},"type":"if","locations":[{"start":{"line":197,"column":16},"end":{"line":200,"column":17}},{"start":{},"end":{}}],"line":197}},"s":{"0":3,"1":3,"2":0,"3":0,"4":0,"5":0,"6":0,"7":0,"8":0,"9":0,"10":0,"11":0,"12":0,"13":0,"14":0,"15":0,"16":0,"17":0,"18":0,"19":0,"20":0,"21":0,"22":0,"23":0,"24":0,"25":0,"26":0,"27":0,"28":0,"29":0,"30":0,"31":0,"32":0,"33":0,"34":0,"35":0,"36":0,"37":0,"38":0,"39":0,"40":0,"41":0,"42":0,"43":0,"44":0,"45":0,"46":0,"47":0,"48":0,"49":0,"50":0,"51":0,"52":0,"53":0,"54":0,"55":0,"56":0,"57":0,"58":0,"59":0,"60":0,"61":0,"62":0,"63":0,"64":0,"65":0,"66":0,"67":0,"68":0,"69":0,"70":0,"71":0,"72":0,"73":0,"74":0,"75":0,"76":0,"77":0,"78":0,"79":0,"80":0,"81":0,"82":0,"83":0,"84":0,"85":0,"86":0,"87":0,"88":0,"89":3},"f":{"0":0,"1":0,"2":0,"3":0,"4":0,"5":0,"6":0,"7":0},"b":{"0":[0,0],"1":[0,0],"2":[0,0],"3":[0,0],"4":[0,0],"5":[0,0],"6":[0,0],"7":[0,0],"8":[0,0],"9":[0,0],"10":[0,0],"11":[0,0],"12":[0,0],"13":[0,0],"14":[0,0],"15":[0,0],"16":[0,0],"17":[0,0],"18":[0,0]},"_coverageSchema":"1a1c01bbd47fc00a2c39e90264f33305004495a9","hash":"caa7ca1b9494ad0527589122cc246ad0edbc86b8"}
,"I:\\Document-OCR-Database\\patient-info-app\\backend\\src\\websocket\\handler.js": {"path":"I:\\Document-OCR-Database\\patient-info-app\\backend\\src\\websocket\\handler.js","statementMap":{"0":{"start":{"line":1,"column":26},"end":{"line":1,"column":46}},"1":{"start":{"line":2,"column":15},"end":{"line":2,"column":41}},"2":{"start":{"line":9,"column":18},"end":{"line":18,"column":1}},"3":{"start":{"line":10,"column":2},"end":{"line":17,"column":3}},"4":{"start":{"line":11,"column":15},"end":{"line":11,"column":30}},"5":{"start":{"line":12,"column":4},"end":{"line":12,"column":29}},"6":{"start":{"line":13,"column":4},"end":{"line":13,"column":64}},"7":{"start":{"line":16,"column":4},"end":{"line":16,"column":80}},"8":{"start":{"line":22,"column":28},"end":{"line":24,"column":1}},"9":{"start":{"line":23,"column":2},"end":{"line":23,"column":41}},"10":{"start":{"line":26,"column":38},"end":{"line":29,"column":1}},"11":{"start":{"line":28,"column":2},"end":{"line":28,"column":54}},"12":{"start":{"line":31,"column":33},"end":{"line":34,"column":1}},"13":{"start":{"line":33,"column":2},"end":{"line":33,"column":47}},"14":{"start":{"line":36,"column":30},"end":{"line":39,"column":1}},"15":{"start":{"line":38,"column":2},"end":{"line":38,"column":44}},"16":{"start":{"line":42,"column":0},"end":{"line":49,"column":2}}},"fnMap":{"0":{"name":"(anonymous_0)","decl":{"start":{"line":9,"column":18},"end":{"line":9,"column":19}},"loc":{"start":{"line":9,"column":39},"end":{"line":18,"column":1}},"line":9},"1":{"name":"(anonymous_1)","decl":{"start":{"line":22,"column":28},"end":{"line":22,"column":29}},"loc":{"start":{"line":22,"column":46},"end":{"line":24,"column":1}},"line":22},"2":{"name":"(anonymous_2)","decl":{"start":{"line":26,"column":38},"end":{"line":26,"column":39}},"loc":{"start":{"line":26,"column":51},"end":{"line":29,"column":1}},"line":26},"3":{"name":"(anonymous_3)","decl":{"start":{"line":31,"column":33},"end":{"line":31,"column":34}},"loc":{"start":{"line":31,"column":46},"end":{"line":34,"column":1}},"line":31},"4":{"name":"(anonymous_4)","decl":{"start":{"line":36,"column":30},"end":{"line":36,"column":31}},"loc":{"start":{"line":36,"column":43},"end":{"line":39,"column":1}},"line":36}},"branchMap":{"0":{"loc":{"start":{"line":22,"column":29},"end":{"line":22,"column":41}},"type":"default-arg","locations":[{"start":{"line":22,"column":39},"end":{"line":22,"column":41}}],"line":22}},"s":{"0":0,"1":0,"2":0,"3":0,"4":0,"5":0,"6":0,"7":0,"8":0,"9":0,"10":0,"11":0,"12":0,"13":0,"14":0,"15":0,"16":0},"f":{"0":0,"1":0,"2":0,"3":0,"4":0},"b":{"0":[0]}}
}
